{"C:\\Users\\Ikechukwu Njoku\\Desktop\\js\\react\\Book-A-Meal\\server\\tests\\controllers\\MealsController\\createController.js":{"path":"C:\\Users\\Ikechukwu Njoku\\Desktop\\js\\react\\Book-A-Meal\\server\\tests\\controllers\\MealsController\\createController.js","statementMap":{"0":{"start":{"line":3,"column":12},"end":{"line":3,"column":27}},"1":{"start":{"line":5,"column":13},"end":{"line":5,"column":42}},"2":{"start":{"line":7,"column":24},"end":{"line":7,"column":53}},"3":{"start":{"line":9,"column":13},"end":{"line":9,"column":29}},"4":{"start":{"line":11,"column":14},"end":{"line":11,"column":44}},"5":{"start":{"line":13,"column":17},"end":{"line":13,"column":38}},"6":{"start":{"line":15,"column":18},"end":{"line":15,"column":52}},"7":{"start":{"line":17,"column":13},"end":{"line":17,"column":50}},"8":{"start":{"line":19,"column":14},"end":{"line":19,"column":44}},"9":{"start":{"line":21,"column":14},"end":{"line":21,"column":51}},"10":{"start":{"line":23,"column":14},"end":{"line":23,"column":45}},"11":{"start":{"line":25,"column":39},"end":{"line":25,"column":93}},"12":{"start":{"line":27,"column":0},"end":{"line":27,"column":40}},"13":{"start":{"line":28,"column":0},"end":{"line":28,"column":24}},"14":{"start":{"line":30,"column":14},"end":{"line":37,"column":1}},"15":{"start":{"line":39,"column":19},"end":{"line":45,"column":1}},"16":{"start":{"line":47,"column":10},"end":{"line":47,"column":49}},"17":{"start":{"line":48,"column":10},"end":{"line":48,"column":42}},"18":{"start":{"line":50,"column":0},"end":{"line":79,"column":3}},"19":{"start":{"line":51,"column":2},"end":{"line":53,"column":5}},"20":{"start":{"line":52,"column":4},"end":{"line":52,"column":41}},"21":{"start":{"line":55,"column":2},"end":{"line":57,"column":5}},"22":{"start":{"line":56,"column":4},"end":{"line":56,"column":48}},"23":{"start":{"line":59,"column":2},"end":{"line":64,"column":5}},"24":{"start":{"line":60,"column":18},"end":{"line":62,"column":6}},"25":{"start":{"line":61,"column":6},"end":{"line":61,"column":44}},"26":{"start":{"line":63,"column":4},"end":{"line":63,"column":38}},"27":{"start":{"line":66,"column":2},"end":{"line":70,"column":5}},"28":{"start":{"line":67,"column":17},"end":{"line":67,"column":61}},"29":{"start":{"line":68,"column":4},"end":{"line":68,"column":44}},"30":{"start":{"line":69,"column":4},"end":{"line":69,"column":48}},"31":{"start":{"line":72,"column":2},"end":{"line":78,"column":5}},"32":{"start":{"line":73,"column":17},"end":{"line":73,"column":61}},"33":{"start":{"line":74,"column":4},"end":{"line":74,"column":44}},"34":{"start":{"line":75,"column":4},"end":{"line":77,"column":7}}},"fnMap":{"0":{"name":"_interopRequireDefault","decl":{"start":{"line":25,"column":9},"end":{"line":25,"column":31}},"loc":{"start":{"line":25,"column":37},"end":{"line":25,"column":95}},"line":25},"1":{"name":"(anonymous_1)","decl":{"start":{"line":50,"column":30},"end":{"line":50,"column":31}},"loc":{"start":{"line":50,"column":42},"end":{"line":79,"column":1}},"line":50},"2":{"name":"(anonymous_2)","decl":{"start":{"line":51,"column":13},"end":{"line":51,"column":14}},"loc":{"start":{"line":51,"column":25},"end":{"line":53,"column":3}},"line":51},"3":{"name":"(anonymous_3)","decl":{"start":{"line":55,"column":37},"end":{"line":55,"column":38}},"loc":{"start":{"line":55,"column":49},"end":{"line":57,"column":3}},"line":55},"4":{"name":"(anonymous_4)","decl":{"start":{"line":59,"column":36},"end":{"line":59,"column":37}},"loc":{"start":{"line":59,"column":48},"end":{"line":64,"column":3}},"line":59},"5":{"name":"(anonymous_5)","decl":{"start":{"line":60,"column":41},"end":{"line":60,"column":42}},"loc":{"start":{"line":60,"column":57},"end":{"line":62,"column":5}},"line":60},"6":{"name":"(anonymous_6)","decl":{"start":{"line":66,"column":62},"end":{"line":66,"column":63}},"loc":{"start":{"line":66,"column":74},"end":{"line":70,"column":3}},"line":66},"7":{"name":"(anonymous_7)","decl":{"start":{"line":72,"column":56},"end":{"line":72,"column":57}},"loc":{"start":{"line":72,"column":68},"end":{"line":78,"column":3}},"line":72}},"branchMap":{"0":{"loc":{"start":{"line":25,"column":46},"end":{"line":25,"column":92}},"type":"cond-expr","locations":[{"start":{"line":25,"column":70},"end":{"line":25,"column":73}},{"start":{"line":25,"column":76},"end":{"line":25,"column":92}}],"line":25},"1":{"loc":{"start":{"line":25,"column":46},"end":{"line":25,"column":67}},"type":"binary-expr","locations":[{"start":{"line":25,"column":46},"end":{"line":25,"column":49}},{"start":{"line":25,"column":53},"end":{"line":25,"column":67}}],"line":25}},"s":{"0":1,"1":1,"2":1,"3":1,"4":1,"5":1,"6":1,"7":1,"8":1,"9":1,"10":1,"11":5,"12":1,"13":1,"14":1,"15":1,"16":1,"17":1,"18":1,"19":1,"20":4,"21":1,"22":1,"23":1,"24":1,"25":6,"26":1,"27":1,"28":1,"29":1,"30":1,"31":1,"32":1,"33":1,"34":1},"f":{"0":5,"1":1,"2":4,"3":1,"4":1,"5":6,"6":1,"7":1},"b":{"0":[2,3],"1":[5,5]},"_coverageSchema":"332fd63041d2c1bcb487cc26dd0d5f7d97098a6c","hash":"c63da9a6d8538c82c266f863250499abd7527ae4","contentHash":"43764044aed21679852dfb1691864efe_11.7.1"},"C:\\Users\\Ikechukwu Njoku\\Desktop\\js\\react\\Book-A-Meal\\server\\controllers\\meals.js":{"path":"C:\\Users\\Ikechukwu Njoku\\Desktop\\js\\react\\Book-A-Meal\\server\\controllers\\meals.js","statementMap":{"0":{"start":{"line":3,"column":0},"end":{"line":5,"column":3}},"1":{"start":{"line":7,"column":16},"end":{"line":7,"column":56}},"2":{"start":{"line":9,"column":16},"end":{"line":9,"column":49}},"3":{"start":{"line":11,"column":23},"end":{"line":11,"column":70}},"4":{"start":{"line":13,"column":23},"end":{"line":13,"column":63}},"5":{"start":{"line":15,"column":20},"end":{"line":15,"column":64}},"6":{"start":{"line":17,"column":20},"end":{"line":17,"column":57}},"7":{"start":{"line":19,"column":34},"end":{"line":19,"column":92}},"8":{"start":{"line":21,"column":34},"end":{"line":21,"column":85}},"9":{"start":{"line":23,"column":17},"end":{"line":23,"column":58}},"10":{"start":{"line":25,"column":17},"end":{"line":25,"column":51}},"11":{"start":{"line":27,"column":13},"end":{"line":27,"column":31}},"12":{"start":{"line":29,"column":14},"end":{"line":29,"column":44}},"13":{"start":{"line":31,"column":13},"end":{"line":31,"column":44}},"14":{"start":{"line":33,"column":14},"end":{"line":33,"column":44}},"15":{"start":{"line":35,"column":39},"end":{"line":35,"column":93}},"16":{"start":{"line":37,"column":22},"end":{"line":106,"column":18}},"17":{"start":{"line":38,"column":2},"end":{"line":38,"column":61}},"18":{"start":{"line":41,"column":4},"end":{"line":41,"column":57}},"19":{"start":{"line":42,"column":4},"end":{"line":42,"column":152}},"20":{"start":{"line":45,"column":2},"end":{"line":104,"column":6}},"21":{"start":{"line":48,"column":22},"end":{"line":48,"column":30}},"22":{"start":{"line":49,"column":17},"end":{"line":49,"column":31}},"23":{"start":{"line":50,"column":24},"end":{"line":50,"column":45}},"24":{"start":{"line":51,"column":18},"end":{"line":51,"column":33}},"25":{"start":{"line":52,"column":21},"end":{"line":52,"column":39}},"26":{"start":{"line":54,"column":6},"end":{"line":58,"column":7}},"27":{"start":{"line":55,"column":8},"end":{"line":57,"column":11}},"28":{"start":{"line":59,"column":6},"end":{"line":64,"column":9}},"29":{"start":{"line":65,"column":25},"end":{"line":67,"column":8}},"30":{"start":{"line":66,"column":8},"end":{"line":66,"column":43}},"31":{"start":{"line":68,"column":6},"end":{"line":68,"column":65}},"32":{"start":{"line":73,"column":6},"end":{"line":73,"column":51}},"33":{"start":{"line":78,"column":22},"end":{"line":80,"column":8}},"34":{"start":{"line":79,"column":8},"end":{"line":79,"column":53}},"35":{"start":{"line":81,"column":6},"end":{"line":85,"column":7}},"36":{"start":{"line":82,"column":8},"end":{"line":84,"column":11}},"37":{"start":{"line":86,"column":24},"end":{"line":86,"column":88}},"38":{"start":{"line":87,"column":6},"end":{"line":87,"column":56}},"39":{"start":{"line":88,"column":6},"end":{"line":88,"column":47}},"40":{"start":{"line":93,"column":22},"end":{"line":95,"column":8}},"41":{"start":{"line":94,"column":8},"end":{"line":94,"column":53}},"42":{"start":{"line":96,"column":6},"end":{"line":100,"column":7}},"43":{"start":{"line":97,"column":8},"end":{"line":99,"column":11}},"44":{"start":{"line":101,"column":6},"end":{"line":101,"column":43}},"45":{"start":{"line":102,"column":6},"end":{"line":102,"column":36}},"46":{"start":{"line":105,"column":2},"end":{"line":105,"column":25}},"47":{"start":{"line":108,"column":0},"end":{"line":108,"column":34}}},"fnMap":{"0":{"name":"_interopRequireDefault","decl":{"start":{"line":35,"column":9},"end":{"line":35,"column":31}},"loc":{"start":{"line":35,"column":37},"end":{"line":35,"column":95}},"line":35},"1":{"name":"(anonymous_1)","decl":{"start":{"line":37,"column":22},"end":{"line":37,"column":23}},"loc":{"start":{"line":37,"column":50},"end":{"line":106,"column":1}},"line":37},"2":{"name":"MealsController","decl":{"start":{"line":40,"column":11},"end":{"line":40,"column":26}},"loc":{"start":{"line":40,"column":29},"end":{"line":43,"column":3}},"line":40},"3":{"name":"createMeal","decl":{"start":{"line":47,"column":20},"end":{"line":47,"column":30}},"loc":{"start":{"line":47,"column":41},"end":{"line":69,"column":5}},"line":47},"4":{"name":"(anonymous_4)","decl":{"start":{"line":65,"column":51},"end":{"line":65,"column":52}},"loc":{"start":{"line":65,"column":67},"end":{"line":67,"column":7}},"line":65},"5":{"name":"listMeals","decl":{"start":{"line":72,"column":20},"end":{"line":72,"column":29}},"loc":{"start":{"line":72,"column":40},"end":{"line":74,"column":5}},"line":72},"6":{"name":"updateMeal","decl":{"start":{"line":77,"column":20},"end":{"line":77,"column":30}},"loc":{"start":{"line":77,"column":41},"end":{"line":89,"column":5}},"line":77},"7":{"name":"(anonymous_7)","decl":{"start":{"line":78,"column":48},"end":{"line":78,"column":49}},"loc":{"start":{"line":78,"column":64},"end":{"line":80,"column":7}},"line":78},"8":{"name":"destroyMeal","decl":{"start":{"line":92,"column":20},"end":{"line":92,"column":31}},"loc":{"start":{"line":92,"column":42},"end":{"line":103,"column":5}},"line":92},"9":{"name":"(anonymous_9)","decl":{"start":{"line":93,"column":48},"end":{"line":93,"column":49}},"loc":{"start":{"line":93,"column":64},"end":{"line":95,"column":7}},"line":93}},"branchMap":{"0":{"loc":{"start":{"line":35,"column":46},"end":{"line":35,"column":92}},"type":"cond-expr","locations":[{"start":{"line":35,"column":70},"end":{"line":35,"column":73}},{"start":{"line":35,"column":76},"end":{"line":35,"column":92}}],"line":35},"1":{"loc":{"start":{"line":35,"column":46},"end":{"line":35,"column":67}},"type":"binary-expr","locations":[{"start":{"line":35,"column":46},"end":{"line":35,"column":49}},{"start":{"line":35,"column":53},"end":{"line":35,"column":67}}],"line":35},"2":{"loc":{"start":{"line":42,"column":59},"end":{"line":42,"column":126}},"type":"binary-expr","locations":[{"start":{"line":42,"column":59},"end":{"line":42,"column":84}},{"start":{"line":42,"column":88},"end":{"line":42,"column":126}}],"line":42},"3":{"loc":{"start":{"line":54,"column":6},"end":{"line":58,"column":7}},"type":"if","locations":[{"start":{"line":54,"column":6},"end":{"line":58,"column":7}},{"start":{"line":54,"column":6},"end":{"line":58,"column":7}}],"line":54},"4":{"loc":{"start":{"line":54,"column":10},"end":{"line":54,"column":54}},"type":"binary-expr","locations":[{"start":{"line":54,"column":10},"end":{"line":54,"column":15}},{"start":{"line":54,"column":19},"end":{"line":54,"column":31}},{"start":{"line":54,"column":35},"end":{"line":54,"column":41}},{"start":{"line":54,"column":45},"end":{"line":54,"column":54}}],"line":54},"5":{"loc":{"start":{"line":81,"column":6},"end":{"line":85,"column":7}},"type":"if","locations":[{"start":{"line":81,"column":6},"end":{"line":85,"column":7}},{"start":{"line":81,"column":6},"end":{"line":85,"column":7}}],"line":81},"6":{"loc":{"start":{"line":96,"column":6},"end":{"line":100,"column":7}},"type":"if","locations":[{"start":{"line":96,"column":6},"end":{"line":100,"column":7}},{"start":{"line":96,"column":6},"end":{"line":100,"column":7}}],"line":96}},"s":{"0":1,"1":1,"2":1,"3":1,"4":1,"5":1,"6":1,"7":1,"8":1,"9":1,"10":1,"11":1,"12":1,"13":1,"14":1,"15":7,"16":1,"17":1,"18":1,"19":1,"20":1,"21":8,"22":8,"23":8,"24":8,"25":8,"26":8,"27":7,"28":8,"29":8,"30":51,"31":8,"32":2,"33":9,"34":36,"35":9,"36":3,"37":6,"38":6,"39":6,"40":8,"41":61,"42":8,"43":6,"44":2,"45":2,"46":1,"47":1},"f":{"0":7,"1":1,"2":1,"3":8,"4":51,"5":2,"6":9,"7":36,"8":8,"9":61},"b":{"0":[7,0],"1":[7,7],"2":[1,0],"3":[7,1],"4":[8,7,7,5],"5":[3,6],"6":[6,2]},"_coverageSchema":"332fd63041d2c1bcb487cc26dd0d5f7d97098a6c","hash":"6be017446cc13ebd594a485709bcc4fb28af9038","contentHash":"72ac1af305e68fd476fe7c8e4c8da28a_11.7.1"},"C:\\Users\\Ikechukwu Njoku\\Desktop\\js\\react\\Book-A-Meal\\server\\controllers\\index.js":{"path":"C:\\Users\\Ikechukwu Njoku\\Desktop\\js\\react\\Book-A-Meal\\server\\controllers\\index.js","statementMap":{"0":{"start":{"line":3,"column":0},"end":{"line":5,"column":3}},"1":{"start":{"line":7,"column":23},"end":{"line":7,"column":70}},"2":{"start":{"line":9,"column":23},"end":{"line":9,"column":63}},"3":{"start":{"line":11,"column":39},"end":{"line":11,"column":93}},"4":{"start":{"line":13,"column":22},"end":{"line":15,"column":1}},"5":{"start":{"line":14,"column":2},"end":{"line":14,"column":55}},"6":{"start":{"line":17,"column":0},"end":{"line":17,"column":34}}},"fnMap":{"0":{"name":"_interopRequireDefault","decl":{"start":{"line":11,"column":9},"end":{"line":11,"column":31}},"loc":{"start":{"line":11,"column":37},"end":{"line":11,"column":95}},"line":11},"1":{"name":"indexController","decl":{"start":{"line":13,"column":31},"end":{"line":13,"column":46}},"loc":{"start":{"line":13,"column":49},"end":{"line":15,"column":1}},"line":13}},"branchMap":{"0":{"loc":{"start":{"line":11,"column":46},"end":{"line":11,"column":92}},"type":"cond-expr","locations":[{"start":{"line":11,"column":70},"end":{"line":11,"column":73}},{"start":{"line":11,"column":76},"end":{"line":11,"column":92}}],"line":11},"1":{"loc":{"start":{"line":11,"column":46},"end":{"line":11,"column":67}},"type":"binary-expr","locations":[{"start":{"line":11,"column":46},"end":{"line":11,"column":49}},{"start":{"line":11,"column":53},"end":{"line":11,"column":67}}],"line":11}},"s":{"0":1,"1":1,"2":1,"3":1,"4":1,"5":1,"6":1},"f":{"0":1,"1":1},"b":{"0":[1,0],"1":[1,1]},"_coverageSchema":"332fd63041d2c1bcb487cc26dd0d5f7d97098a6c","hash":"a287262304aa41614654611a193bd4439fc7fe27","contentHash":"ba42d376a596d0b79d5d76d0ea9fbaca_11.7.1"},"C:\\Users\\Ikechukwu Njoku\\Desktop\\js\\react\\Book-A-Meal\\server\\model-mocks\\meals.js":{"path":"C:\\Users\\Ikechukwu Njoku\\Desktop\\js\\react\\Book-A-Meal\\server\\model-mocks\\meals.js","statementMap":{"0":{"start":{"line":3,"column":0},"end":{"line":5,"column":3}},"1":{"start":{"line":6,"column":12},"end":{"line":30,"column":2}},"2":{"start":{"line":32,"column":0},"end":{"line":32,"column":24}}},"fnMap":{},"branchMap":{},"s":{"0":1,"1":1,"2":1},"f":{},"b":{},"_coverageSchema":"332fd63041d2c1bcb487cc26dd0d5f7d97098a6c","hash":"cc3d605266586ac0dde4e2be416ddef91c4990ae","contentHash":"c0f987312d08f140b91b1aabc9901801_11.7.1"},"C:\\Users\\Ikechukwu Njoku\\Desktop\\js\\react\\Book-A-Meal\\server\\tests\\controllers\\MealsController\\deleteController.js":{"path":"C:\\Users\\Ikechukwu Njoku\\Desktop\\js\\react\\Book-A-Meal\\server\\tests\\controllers\\MealsController\\deleteController.js","statementMap":{"0":{"start":{"line":3,"column":12},"end":{"line":3,"column":27}},"1":{"start":{"line":5,"column":13},"end":{"line":5,"column":42}},"2":{"start":{"line":7,"column":13},"end":{"line":7,"column":29}},"3":{"start":{"line":9,"column":14},"end":{"line":9,"column":44}},"4":{"start":{"line":11,"column":24},"end":{"line":11,"column":53}},"5":{"start":{"line":13,"column":17},"end":{"line":13,"column":38}},"6":{"start":{"line":15,"column":18},"end":{"line":15,"column":52}},"7":{"start":{"line":17,"column":13},"end":{"line":17,"column":50}},"8":{"start":{"line":19,"column":14},"end":{"line":19,"column":44}},"9":{"start":{"line":21,"column":14},"end":{"line":21,"column":51}},"10":{"start":{"line":23,"column":14},"end":{"line":23,"column":45}},"11":{"start":{"line":25,"column":39},"end":{"line":25,"column":93}},"12":{"start":{"line":27,"column":0},"end":{"line":27,"column":40}},"13":{"start":{"line":28,"column":0},"end":{"line":28,"column":24}},"14":{"start":{"line":30,"column":14},"end":{"line":34,"column":1}},"15":{"start":{"line":36,"column":15},"end":{"line":40,"column":1}},"16":{"start":{"line":42,"column":10},"end":{"line":42,"column":49}},"17":{"start":{"line":43,"column":10},"end":{"line":43,"column":42}},"18":{"start":{"line":45,"column":0},"end":{"line":74,"column":3}},"19":{"start":{"line":46,"column":2},"end":{"line":48,"column":5}},"20":{"start":{"line":47,"column":4},"end":{"line":47,"column":42}},"21":{"start":{"line":50,"column":2},"end":{"line":52,"column":5}},"22":{"start":{"line":51,"column":4},"end":{"line":51,"column":48}},"23":{"start":{"line":54,"column":2},"end":{"line":59,"column":5}},"24":{"start":{"line":55,"column":27},"end":{"line":57,"column":6}},"25":{"start":{"line":56,"column":6},"end":{"line":56,"column":43}},"26":{"start":{"line":58,"column":4},"end":{"line":58,"column":40}},"27":{"start":{"line":61,"column":2},"end":{"line":65,"column":5}},"28":{"start":{"line":62,"column":23},"end":{"line":62,"column":63}},"29":{"start":{"line":63,"column":4},"end":{"line":63,"column":51}},"30":{"start":{"line":64,"column":4},"end":{"line":64,"column":48}},"31":{"start":{"line":67,"column":2},"end":{"line":73,"column":5}},"32":{"start":{"line":68,"column":24},"end":{"line":68,"column":64}},"33":{"start":{"line":69,"column":4},"end":{"line":69,"column":52}},"34":{"start":{"line":70,"column":4},"end":{"line":72,"column":7}}},"fnMap":{"0":{"name":"_interopRequireDefault","decl":{"start":{"line":25,"column":9},"end":{"line":25,"column":31}},"loc":{"start":{"line":25,"column":37},"end":{"line":25,"column":95}},"line":25},"1":{"name":"(anonymous_1)","decl":{"start":{"line":45,"column":31},"end":{"line":45,"column":32}},"loc":{"start":{"line":45,"column":43},"end":{"line":74,"column":1}},"line":45},"2":{"name":"(anonymous_2)","decl":{"start":{"line":46,"column":13},"end":{"line":46,"column":14}},"loc":{"start":{"line":46,"column":25},"end":{"line":48,"column":3}},"line":46},"3":{"name":"(anonymous_3)","decl":{"start":{"line":50,"column":37},"end":{"line":50,"column":38}},"loc":{"start":{"line":50,"column":49},"end":{"line":52,"column":3}},"line":50},"4":{"name":"(anonymous_4)","decl":{"start":{"line":54,"column":49},"end":{"line":54,"column":50}},"loc":{"start":{"line":54,"column":61},"end":{"line":59,"column":3}},"line":54},"5":{"name":"(anonymous_5)","decl":{"start":{"line":55,"column":53},"end":{"line":55,"column":54}},"loc":{"start":{"line":55,"column":69},"end":{"line":57,"column":5}},"line":55},"6":{"name":"(anonymous_6)","decl":{"start":{"line":61,"column":59},"end":{"line":61,"column":60}},"loc":{"start":{"line":61,"column":71},"end":{"line":65,"column":3}},"line":61},"7":{"name":"(anonymous_7)","decl":{"start":{"line":67,"column":69},"end":{"line":67,"column":70}},"loc":{"start":{"line":67,"column":81},"end":{"line":73,"column":3}},"line":67}},"branchMap":{"0":{"loc":{"start":{"line":25,"column":46},"end":{"line":25,"column":92}},"type":"cond-expr","locations":[{"start":{"line":25,"column":70},"end":{"line":25,"column":73}},{"start":{"line":25,"column":76},"end":{"line":25,"column":92}}],"line":25},"1":{"loc":{"start":{"line":25,"column":46},"end":{"line":25,"column":67}},"type":"binary-expr","locations":[{"start":{"line":25,"column":46},"end":{"line":25,"column":49}},{"start":{"line":25,"column":53},"end":{"line":25,"column":67}}],"line":25}},"s":{"0":1,"1":1,"2":1,"3":1,"4":1,"5":1,"6":1,"7":1,"8":1,"9":1,"10":1,"11":5,"12":1,"13":1,"14":1,"15":1,"16":1,"17":1,"18":1,"19":1,"20":4,"21":1,"22":1,"23":1,"24":1,"25":9,"26":1,"27":1,"28":1,"29":1,"30":1,"31":1,"32":1,"33":1,"34":1},"f":{"0":5,"1":1,"2":4,"3":1,"4":1,"5":9,"6":1,"7":1},"b":{"0":[2,3],"1":[5,5]},"_coverageSchema":"332fd63041d2c1bcb487cc26dd0d5f7d97098a6c","hash":"e7d1dddca5e449e26dcebf08385e491994765ddb","contentHash":"e7087765794d60cbe6fd2d572e221ce7_11.7.1"},"C:\\Users\\Ikechukwu Njoku\\Desktop\\js\\react\\Book-A-Meal\\server\\tests\\controllers\\MealsController\\listController.js":{"path":"C:\\Users\\Ikechukwu Njoku\\Desktop\\js\\react\\Book-A-Meal\\server\\tests\\controllers\\MealsController\\listController.js","statementMap":{"0":{"start":{"line":3,"column":12},"end":{"line":3,"column":27}},"1":{"start":{"line":5,"column":13},"end":{"line":5,"column":42}},"2":{"start":{"line":7,"column":24},"end":{"line":7,"column":53}},"3":{"start":{"line":9,"column":17},"end":{"line":9,"column":38}},"4":{"start":{"line":11,"column":18},"end":{"line":11,"column":52}},"5":{"start":{"line":13,"column":13},"end":{"line":13,"column":50}},"6":{"start":{"line":15,"column":14},"end":{"line":15,"column":44}},"7":{"start":{"line":17,"column":39},"end":{"line":17,"column":93}},"8":{"start":{"line":19,"column":0},"end":{"line":19,"column":40}},"9":{"start":{"line":20,"column":0},"end":{"line":20,"column":24}},"10":{"start":{"line":22,"column":14},"end":{"line":24,"column":1}},"11":{"start":{"line":26,"column":10},"end":{"line":26,"column":49}},"12":{"start":{"line":27,"column":10},"end":{"line":27,"column":42}},"13":{"start":{"line":29,"column":0},"end":{"line":37,"column":3}},"14":{"start":{"line":30,"column":2},"end":{"line":32,"column":5}},"15":{"start":{"line":31,"column":4},"end":{"line":31,"column":40}},"16":{"start":{"line":34,"column":2},"end":{"line":36,"column":5}},"17":{"start":{"line":35,"column":4},"end":{"line":35,"column":48}}},"fnMap":{"0":{"name":"_interopRequireDefault","decl":{"start":{"line":17,"column":9},"end":{"line":17,"column":31}},"loc":{"start":{"line":17,"column":37},"end":{"line":17,"column":95}},"line":17},"1":{"name":"(anonymous_1)","decl":{"start":{"line":29,"column":29},"end":{"line":29,"column":30}},"loc":{"start":{"line":29,"column":41},"end":{"line":37,"column":1}},"line":29},"2":{"name":"(anonymous_2)","decl":{"start":{"line":30,"column":13},"end":{"line":30,"column":14}},"loc":{"start":{"line":30,"column":25},"end":{"line":32,"column":3}},"line":30},"3":{"name":"(anonymous_3)","decl":{"start":{"line":34,"column":37},"end":{"line":34,"column":38}},"loc":{"start":{"line":34,"column":49},"end":{"line":36,"column":3}},"line":34}},"branchMap":{"0":{"loc":{"start":{"line":17,"column":46},"end":{"line":17,"column":92}},"type":"cond-expr","locations":[{"start":{"line":17,"column":70},"end":{"line":17,"column":73}},{"start":{"line":17,"column":76},"end":{"line":17,"column":92}}],"line":17},"1":{"loc":{"start":{"line":17,"column":46},"end":{"line":17,"column":67}},"type":"binary-expr","locations":[{"start":{"line":17,"column":46},"end":{"line":17,"column":49}},{"start":{"line":17,"column":53},"end":{"line":17,"column":67}}],"line":17}},"s":{"0":1,"1":1,"2":1,"3":1,"4":1,"5":1,"6":1,"7":3,"8":1,"9":1,"10":1,"11":1,"12":1,"13":1,"14":1,"15":1,"16":1,"17":1},"f":{"0":3,"1":1,"2":1,"3":1},"b":{"0":[1,2],"1":[3,3]},"_coverageSchema":"332fd63041d2c1bcb487cc26dd0d5f7d97098a6c","hash":"62ae9353b3f5f97d67d15774764f07fa33e81cdb","contentHash":"326aaadd64e361ea9d9a48d52a70181a_11.7.1"},"C:\\Users\\Ikechukwu Njoku\\Desktop\\js\\react\\Book-A-Meal\\server\\tests\\controllers\\MealsController\\mealsController.js":{"path":"C:\\Users\\Ikechukwu Njoku\\Desktop\\js\\react\\Book-A-Meal\\server\\tests\\controllers\\MealsController\\mealsController.js","statementMap":{"0":{"start":{"line":3,"column":12},"end":{"line":3,"column":27}},"1":{"start":{"line":5,"column":13},"end":{"line":5,"column":42}},"2":{"start":{"line":7,"column":13},"end":{"line":7,"column":50}},"3":{"start":{"line":9,"column":14},"end":{"line":9,"column":44}},"4":{"start":{"line":11,"column":13},"end":{"line":11,"column":50}},"5":{"start":{"line":13,"column":14},"end":{"line":13,"column":44}},"6":{"start":{"line":15,"column":39},"end":{"line":15,"column":93}},"7":{"start":{"line":17,"column":0},"end":{"line":17,"column":24}},"8":{"start":{"line":19,"column":0},"end":{"line":29,"column":3}},"9":{"start":{"line":20,"column":2},"end":{"line":22,"column":5}},"10":{"start":{"line":21,"column":4},"end":{"line":21,"column":44}},"11":{"start":{"line":23,"column":2},"end":{"line":28,"column":5}},"12":{"start":{"line":24,"column":25},"end":{"line":24,"column":46}},"13":{"start":{"line":26,"column":4},"end":{"line":26,"column":57}},"14":{"start":{"line":27,"column":4},"end":{"line":27,"column":57}}},"fnMap":{"0":{"name":"_interopRequireDefault","decl":{"start":{"line":15,"column":9},"end":{"line":15,"column":31}},"loc":{"start":{"line":15,"column":37},"end":{"line":15,"column":95}},"line":15},"1":{"name":"(anonymous_1)","decl":{"start":{"line":19,"column":28},"end":{"line":19,"column":29}},"loc":{"start":{"line":19,"column":40},"end":{"line":29,"column":1}},"line":19},"2":{"name":"(anonymous_2)","decl":{"start":{"line":20,"column":29},"end":{"line":20,"column":30}},"loc":{"start":{"line":20,"column":41},"end":{"line":22,"column":3}},"line":20},"3":{"name":"(anonymous_3)","decl":{"start":{"line":23,"column":39},"end":{"line":23,"column":40}},"loc":{"start":{"line":23,"column":51},"end":{"line":28,"column":3}},"line":23}},"branchMap":{"0":{"loc":{"start":{"line":15,"column":46},"end":{"line":15,"column":92}},"type":"cond-expr","locations":[{"start":{"line":15,"column":70},"end":{"line":15,"column":73}},{"start":{"line":15,"column":76},"end":{"line":15,"column":92}}],"line":15},"1":{"loc":{"start":{"line":15,"column":46},"end":{"line":15,"column":67}},"type":"binary-expr","locations":[{"start":{"line":15,"column":46},"end":{"line":15,"column":49}},{"start":{"line":15,"column":53},"end":{"line":15,"column":67}}],"line":15}},"s":{"0":1,"1":1,"2":1,"3":1,"4":1,"5":1,"6":3,"7":1,"8":1,"9":1,"10":1,"11":1,"12":1,"13":1,"14":1},"f":{"0":3,"1":1,"2":1,"3":1},"b":{"0":[2,1],"1":[3,3]},"_coverageSchema":"332fd63041d2c1bcb487cc26dd0d5f7d97098a6c","hash":"245a3a4f7cc789b32b5fcc2695abd857d80bafcf","contentHash":"9456ada2557439ce2b2c5b15687b2c40_11.7.1"},"C:\\Users\\Ikechukwu Njoku\\Desktop\\js\\react\\Book-A-Meal\\server\\tests\\controllers\\MealsController\\updateController.js":{"path":"C:\\Users\\Ikechukwu Njoku\\Desktop\\js\\react\\Book-A-Meal\\server\\tests\\controllers\\MealsController\\updateController.js","statementMap":{"0":{"start":{"line":3,"column":12},"end":{"line":3,"column":27}},"1":{"start":{"line":5,"column":13},"end":{"line":5,"column":42}},"2":{"start":{"line":7,"column":13},"end":{"line":7,"column":29}},"3":{"start":{"line":9,"column":14},"end":{"line":9,"column":44}},"4":{"start":{"line":11,"column":17},"end":{"line":11,"column":38}},"5":{"start":{"line":13,"column":18},"end":{"line":13,"column":52}},"6":{"start":{"line":15,"column":24},"end":{"line":15,"column":53}},"7":{"start":{"line":17,"column":13},"end":{"line":17,"column":50}},"8":{"start":{"line":19,"column":14},"end":{"line":19,"column":44}},"9":{"start":{"line":21,"column":14},"end":{"line":21,"column":51}},"10":{"start":{"line":23,"column":14},"end":{"line":23,"column":45}},"11":{"start":{"line":25,"column":39},"end":{"line":25,"column":93}},"12":{"start":{"line":27,"column":0},"end":{"line":27,"column":40}},"13":{"start":{"line":29,"column":14},"end":{"line":38,"column":1}},"14":{"start":{"line":40,"column":17},"end":{"line":49,"column":1}},"15":{"start":{"line":51,"column":10},"end":{"line":51,"column":49}},"16":{"start":{"line":52,"column":10},"end":{"line":52,"column":42}},"17":{"start":{"line":54,"column":0},"end":{"line":84,"column":3}},"18":{"start":{"line":55,"column":2},"end":{"line":57,"column":5}},"19":{"start":{"line":56,"column":4},"end":{"line":56,"column":41}},"20":{"start":{"line":59,"column":2},"end":{"line":61,"column":5}},"21":{"start":{"line":60,"column":4},"end":{"line":60,"column":48}},"22":{"start":{"line":63,"column":2},"end":{"line":69,"column":5}},"23":{"start":{"line":64,"column":4},"end":{"line":64,"column":41}},"24":{"start":{"line":65,"column":27},"end":{"line":67,"column":6}},"25":{"start":{"line":66,"column":6},"end":{"line":66,"column":41}},"26":{"start":{"line":68,"column":4},"end":{"line":68,"column":48}},"27":{"start":{"line":71,"column":2},"end":{"line":75,"column":5}},"28":{"start":{"line":72,"column":19},"end":{"line":72,"column":61}},"29":{"start":{"line":73,"column":4},"end":{"line":73,"column":46}},"30":{"start":{"line":74,"column":4},"end":{"line":74,"column":48}},"31":{"start":{"line":77,"column":2},"end":{"line":83,"column":5}},"32":{"start":{"line":78,"column":20},"end":{"line":78,"column":62}},"33":{"start":{"line":79,"column":4},"end":{"line":79,"column":47}},"34":{"start":{"line":80,"column":4},"end":{"line":82,"column":7}}},"fnMap":{"0":{"name":"_interopRequireDefault","decl":{"start":{"line":25,"column":9},"end":{"line":25,"column":31}},"loc":{"start":{"line":25,"column":37},"end":{"line":25,"column":95}},"line":25},"1":{"name":"(anonymous_1)","decl":{"start":{"line":54,"column":30},"end":{"line":54,"column":31}},"loc":{"start":{"line":54,"column":42},"end":{"line":84,"column":1}},"line":54},"2":{"name":"(anonymous_2)","decl":{"start":{"line":55,"column":13},"end":{"line":55,"column":14}},"loc":{"start":{"line":55,"column":25},"end":{"line":57,"column":3}},"line":55},"3":{"name":"(anonymous_3)","decl":{"start":{"line":59,"column":37},"end":{"line":59,"column":38}},"loc":{"start":{"line":59,"column":49},"end":{"line":61,"column":3}},"line":59},"4":{"name":"(anonymous_4)","decl":{"start":{"line":63,"column":49},"end":{"line":63,"column":50}},"loc":{"start":{"line":63,"column":61},"end":{"line":69,"column":3}},"line":63},"5":{"name":"(anonymous_5)","decl":{"start":{"line":65,"column":53},"end":{"line":65,"column":54}},"loc":{"start":{"line":65,"column":69},"end":{"line":67,"column":5}},"line":65},"6":{"name":"(anonymous_6)","decl":{"start":{"line":71,"column":59},"end":{"line":71,"column":60}},"loc":{"start":{"line":71,"column":71},"end":{"line":75,"column":3}},"line":71},"7":{"name":"(anonymous_7)","decl":{"start":{"line":77,"column":69},"end":{"line":77,"column":70}},"loc":{"start":{"line":77,"column":81},"end":{"line":83,"column":3}},"line":77}},"branchMap":{"0":{"loc":{"start":{"line":25,"column":46},"end":{"line":25,"column":92}},"type":"cond-expr","locations":[{"start":{"line":25,"column":70},"end":{"line":25,"column":73}},{"start":{"line":25,"column":76},"end":{"line":25,"column":92}}],"line":25},"1":{"loc":{"start":{"line":25,"column":46},"end":{"line":25,"column":67}},"type":"binary-expr","locations":[{"start":{"line":25,"column":46},"end":{"line":25,"column":49}},{"start":{"line":25,"column":53},"end":{"line":25,"column":67}}],"line":25}},"s":{"0":1,"1":1,"2":1,"3":1,"4":1,"5":1,"6":1,"7":1,"8":1,"9":1,"10":1,"11":5,"12":1,"13":1,"14":1,"15":1,"16":1,"17":1,"18":1,"19":4,"20":1,"21":1,"22":1,"23":1,"24":1,"25":1,"26":1,"27":1,"28":1,"29":1,"30":1,"31":1,"32":1,"33":1,"34":1},"f":{"0":5,"1":1,"2":4,"3":1,"4":1,"5":1,"6":1,"7":1},"b":{"0":[2,3],"1":[5,5]},"_coverageSchema":"332fd63041d2c1bcb487cc26dd0d5f7d97098a6c","hash":"981146a56082ee2d7a3bf74d63f9c168f6a314eb","contentHash":"892453c00281799bffbd8001c7061f00_11.7.1"},"C:\\Users\\Ikechukwu Njoku\\Desktop\\js\\react\\Book-A-Meal\\server\\tests\\controllers\\MenuController\\createController.js":{"path":"C:\\Users\\Ikechukwu Njoku\\Desktop\\js\\react\\Book-A-Meal\\server\\tests\\controllers\\MenuController\\createController.js","statementMap":{"0":{"start":{"line":3,"column":12},"end":{"line":3,"column":27}},"1":{"start":{"line":5,"column":13},"end":{"line":5,"column":42}},"2":{"start":{"line":7,"column":24},"end":{"line":7,"column":53}},"3":{"start":{"line":9,"column":13},"end":{"line":9,"column":29}},"4":{"start":{"line":11,"column":14},"end":{"line":11,"column":44}},"5":{"start":{"line":13,"column":17},"end":{"line":13,"column":38}},"6":{"start":{"line":15,"column":18},"end":{"line":15,"column":52}},"7":{"start":{"line":17,"column":12},"end":{"line":17,"column":48}},"8":{"start":{"line":19,"column":13},"end":{"line":19,"column":42}},"9":{"start":{"line":21,"column":13},"end":{"line":21,"column":50}},"10":{"start":{"line":23,"column":14},"end":{"line":23,"column":44}},"11":{"start":{"line":25,"column":39},"end":{"line":25,"column":93}},"12":{"start":{"line":27,"column":0},"end":{"line":27,"column":40}},"13":{"start":{"line":28,"column":0},"end":{"line":28,"column":24}},"14":{"start":{"line":30,"column":14},"end":{"line":48,"column":1}},"15":{"start":{"line":49,"column":19},"end":{"line":60,"column":1}},"16":{"start":{"line":62,"column":10},"end":{"line":62,"column":49}},"17":{"start":{"line":63,"column":10},"end":{"line":63,"column":42}},"18":{"start":{"line":65,"column":0},"end":{"line":94,"column":3}},"19":{"start":{"line":66,"column":2},"end":{"line":68,"column":5}},"20":{"start":{"line":67,"column":4},"end":{"line":67,"column":40}},"21":{"start":{"line":70,"column":2},"end":{"line":72,"column":5}},"22":{"start":{"line":71,"column":4},"end":{"line":71,"column":48}},"23":{"start":{"line":74,"column":2},"end":{"line":79,"column":5}},"24":{"start":{"line":75,"column":18},"end":{"line":77,"column":6}},"25":{"start":{"line":76,"column":6},"end":{"line":76,"column":34}},"26":{"start":{"line":78,"column":4},"end":{"line":78,"column":38}},"27":{"start":{"line":81,"column":2},"end":{"line":85,"column":5}},"28":{"start":{"line":82,"column":21},"end":{"line":82,"column":65}},"29":{"start":{"line":83,"column":4},"end":{"line":83,"column":47}},"30":{"start":{"line":84,"column":4},"end":{"line":84,"column":48}},"31":{"start":{"line":87,"column":2},"end":{"line":93,"column":5}},"32":{"start":{"line":88,"column":17},"end":{"line":88,"column":61}},"33":{"start":{"line":89,"column":4},"end":{"line":89,"column":43}},"34":{"start":{"line":90,"column":4},"end":{"line":92,"column":7}}},"fnMap":{"0":{"name":"_interopRequireDefault","decl":{"start":{"line":25,"column":9},"end":{"line":25,"column":31}},"loc":{"start":{"line":25,"column":37},"end":{"line":25,"column":95}},"line":25},"1":{"name":"(anonymous_1)","decl":{"start":{"line":65,"column":30},"end":{"line":65,"column":31}},"loc":{"start":{"line":65,"column":42},"end":{"line":94,"column":1}},"line":65},"2":{"name":"(anonymous_2)","decl":{"start":{"line":66,"column":13},"end":{"line":66,"column":14}},"loc":{"start":{"line":66,"column":25},"end":{"line":68,"column":3}},"line":66},"3":{"name":"(anonymous_3)","decl":{"start":{"line":70,"column":37},"end":{"line":70,"column":38}},"loc":{"start":{"line":70,"column":49},"end":{"line":72,"column":3}},"line":70},"4":{"name":"(anonymous_4)","decl":{"start":{"line":74,"column":36},"end":{"line":74,"column":37}},"loc":{"start":{"line":74,"column":48},"end":{"line":79,"column":3}},"line":74},"5":{"name":"(anonymous_5)","decl":{"start":{"line":75,"column":41},"end":{"line":75,"column":42}},"loc":{"start":{"line":75,"column":57},"end":{"line":77,"column":5}},"line":75},"6":{"name":"(anonymous_6)","decl":{"start":{"line":81,"column":62},"end":{"line":81,"column":63}},"loc":{"start":{"line":81,"column":74},"end":{"line":85,"column":3}},"line":81},"7":{"name":"(anonymous_7)","decl":{"start":{"line":87,"column":56},"end":{"line":87,"column":57}},"loc":{"start":{"line":87,"column":68},"end":{"line":93,"column":3}},"line":87}},"branchMap":{"0":{"loc":{"start":{"line":25,"column":46},"end":{"line":25,"column":92}},"type":"cond-expr","locations":[{"start":{"line":25,"column":70},"end":{"line":25,"column":73}},{"start":{"line":25,"column":76},"end":{"line":25,"column":92}}],"line":25},"1":{"loc":{"start":{"line":25,"column":46},"end":{"line":25,"column":67}},"type":"binary-expr","locations":[{"start":{"line":25,"column":46},"end":{"line":25,"column":49}},{"start":{"line":25,"column":53},"end":{"line":25,"column":67}}],"line":25}},"s":{"0":1,"1":1,"2":1,"3":1,"4":1,"5":1,"6":1,"7":1,"8":1,"9":1,"10":1,"11":5,"12":1,"13":1,"14":1,"15":1,"16":1,"17":1,"18":1,"19":1,"20":4,"21":1,"22":1,"23":1,"24":1,"25":5,"26":1,"27":1,"28":1,"29":1,"30":1,"31":1,"32":1,"33":1,"34":1},"f":{"0":5,"1":1,"2":4,"3":1,"4":1,"5":5,"6":1,"7":1},"b":{"0":[2,3],"1":[5,5]},"_coverageSchema":"332fd63041d2c1bcb487cc26dd0d5f7d97098a6c","hash":"fce331cde631437a920144055b39fb505857794c","contentHash":"c38907ca611cb54bf6c81b51ec43a311_11.7.1"},"C:\\Users\\Ikechukwu Njoku\\Desktop\\js\\react\\Book-A-Meal\\server\\controllers\\menu.js":{"path":"C:\\Users\\Ikechukwu Njoku\\Desktop\\js\\react\\Book-A-Meal\\server\\controllers\\menu.js","statementMap":{"0":{"start":{"line":3,"column":0},"end":{"line":5,"column":3}},"1":{"start":{"line":7,"column":23},"end":{"line":7,"column":70}},"2":{"start":{"line":9,"column":23},"end":{"line":9,"column":63}},"3":{"start":{"line":11,"column":20},"end":{"line":11,"column":64}},"4":{"start":{"line":13,"column":20},"end":{"line":13,"column":57}},"5":{"start":{"line":15,"column":34},"end":{"line":15,"column":92}},"6":{"start":{"line":17,"column":34},"end":{"line":17,"column":85}},"7":{"start":{"line":19,"column":17},"end":{"line":19,"column":58}},"8":{"start":{"line":21,"column":17},"end":{"line":21,"column":51}},"9":{"start":{"line":23,"column":13},"end":{"line":23,"column":31}},"10":{"start":{"line":25,"column":14},"end":{"line":25,"column":44}},"11":{"start":{"line":27,"column":13},"end":{"line":27,"column":44}},"12":{"start":{"line":29,"column":14},"end":{"line":29,"column":44}},"13":{"start":{"line":31,"column":39},"end":{"line":31,"column":93}},"14":{"start":{"line":33,"column":21},"end":{"line":72,"column":18}},"15":{"start":{"line":34,"column":2},"end":{"line":34,"column":60}},"16":{"start":{"line":37,"column":4},"end":{"line":37,"column":56}},"17":{"start":{"line":38,"column":4},"end":{"line":38,"column":150}},"18":{"start":{"line":41,"column":2},"end":{"line":70,"column":6}},"19":{"start":{"line":44,"column":22},"end":{"line":44,"column":30}},"20":{"start":{"line":45,"column":17},"end":{"line":45,"column":31}},"21":{"start":{"line":46,"column":17},"end":{"line":46,"column":31}},"22":{"start":{"line":47,"column":18},"end":{"line":47,"column":33}},"23":{"start":{"line":49,"column":6},"end":{"line":53,"column":7}},"24":{"start":{"line":50,"column":8},"end":{"line":52,"column":11}},"25":{"start":{"line":54,"column":6},"end":{"line":59,"column":9}},"26":{"start":{"line":60,"column":25},"end":{"line":62,"column":8}},"27":{"start":{"line":61,"column":8},"end":{"line":61,"column":43}},"28":{"start":{"line":63,"column":6},"end":{"line":63,"column":65}},"29":{"start":{"line":68,"column":6},"end":{"line":68,"column":51}},"30":{"start":{"line":71,"column":2},"end":{"line":71,"column":24}},"31":{"start":{"line":74,"column":0},"end":{"line":74,"column":33}}},"fnMap":{"0":{"name":"_interopRequireDefault","decl":{"start":{"line":31,"column":9},"end":{"line":31,"column":31}},"loc":{"start":{"line":31,"column":37},"end":{"line":31,"column":95}},"line":31},"1":{"name":"(anonymous_1)","decl":{"start":{"line":33,"column":21},"end":{"line":33,"column":22}},"loc":{"start":{"line":33,"column":49},"end":{"line":72,"column":1}},"line":33},"2":{"name":"MenuController","decl":{"start":{"line":36,"column":11},"end":{"line":36,"column":25}},"loc":{"start":{"line":36,"column":28},"end":{"line":39,"column":3}},"line":36},"3":{"name":"createMenu","decl":{"start":{"line":43,"column":20},"end":{"line":43,"column":30}},"loc":{"start":{"line":43,"column":41},"end":{"line":64,"column":5}},"line":43},"4":{"name":"(anonymous_4)","decl":{"start":{"line":60,"column":51},"end":{"line":60,"column":52}},"loc":{"start":{"line":60,"column":67},"end":{"line":62,"column":7}},"line":60},"5":{"name":"listMenu","decl":{"start":{"line":67,"column":20},"end":{"line":67,"column":28}},"loc":{"start":{"line":67,"column":39},"end":{"line":69,"column":5}},"line":67}},"branchMap":{"0":{"loc":{"start":{"line":31,"column":46},"end":{"line":31,"column":92}},"type":"cond-expr","locations":[{"start":{"line":31,"column":70},"end":{"line":31,"column":73}},{"start":{"line":31,"column":76},"end":{"line":31,"column":92}}],"line":31},"1":{"loc":{"start":{"line":31,"column":46},"end":{"line":31,"column":67}},"type":"binary-expr","locations":[{"start":{"line":31,"column":46},"end":{"line":31,"column":49}},{"start":{"line":31,"column":53},"end":{"line":31,"column":67}}],"line":31},"2":{"loc":{"start":{"line":38,"column":59},"end":{"line":38,"column":124}},"type":"binary-expr","locations":[{"start":{"line":38,"column":59},"end":{"line":38,"column":83}},{"start":{"line":38,"column":87},"end":{"line":38,"column":124}}],"line":38},"3":{"loc":{"start":{"line":49,"column":6},"end":{"line":53,"column":7}},"type":"if","locations":[{"start":{"line":49,"column":6},"end":{"line":53,"column":7}},{"start":{"line":49,"column":6},"end":{"line":53,"column":7}}],"line":49},"4":{"loc":{"start":{"line":49,"column":10},"end":{"line":49,"column":34}},"type":"binary-expr","locations":[{"start":{"line":49,"column":10},"end":{"line":49,"column":15}},{"start":{"line":49,"column":19},"end":{"line":49,"column":24}},{"start":{"line":49,"column":28},"end":{"line":49,"column":34}}],"line":49}},"s":{"0":1,"1":1,"2":1,"3":1,"4":1,"5":1,"6":1,"7":1,"8":1,"9":1,"10":1,"11":1,"12":1,"13":6,"14":1,"15":1,"16":0,"17":0,"18":1,"19":8,"20":8,"21":8,"22":8,"23":8,"24":3,"25":8,"26":8,"27":25,"28":8,"29":2,"30":1,"31":1},"f":{"0":6,"1":1,"2":0,"3":8,"4":25,"5":2},"b":{"0":[6,0],"1":[6,6],"2":[0,0],"3":[3,5],"4":[8,8,5]},"_coverageSchema":"332fd63041d2c1bcb487cc26dd0d5f7d97098a6c","hash":"d46419ffa5a3e5aa07f8840732b672eae37ccac5","contentHash":"9a964e75a620813bb55fd7b73d50296c_11.7.1"},"C:\\Users\\Ikechukwu Njoku\\Desktop\\js\\react\\Book-A-Meal\\server\\model-mocks\\menus.js":{"path":"C:\\Users\\Ikechukwu Njoku\\Desktop\\js\\react\\Book-A-Meal\\server\\model-mocks\\menus.js","statementMap":{"0":{"start":{"line":3,"column":0},"end":{"line":5,"column":3}},"1":{"start":{"line":6,"column":12},"end":{"line":57,"column":2}},"2":{"start":{"line":59,"column":0},"end":{"line":59,"column":24}}},"fnMap":{},"branchMap":{},"s":{"0":1,"1":1,"2":1},"f":{},"b":{},"_coverageSchema":"332fd63041d2c1bcb487cc26dd0d5f7d97098a6c","hash":"20dfc574858f28a2e3489b36416baa594bddfe06","contentHash":"4371c01ac7757a2912559f0f347b0e29_11.7.1"},"C:\\Users\\Ikechukwu Njoku\\Desktop\\js\\react\\Book-A-Meal\\server\\tests\\controllers\\MenuController\\listController.js":{"path":"C:\\Users\\Ikechukwu Njoku\\Desktop\\js\\react\\Book-A-Meal\\server\\tests\\controllers\\MenuController\\listController.js","statementMap":{"0":{"start":{"line":3,"column":12},"end":{"line":3,"column":27}},"1":{"start":{"line":5,"column":13},"end":{"line":5,"column":42}},"2":{"start":{"line":7,"column":24},"end":{"line":7,"column":53}},"3":{"start":{"line":9,"column":17},"end":{"line":9,"column":38}},"4":{"start":{"line":11,"column":18},"end":{"line":11,"column":52}},"5":{"start":{"line":13,"column":12},"end":{"line":13,"column":48}},"6":{"start":{"line":15,"column":13},"end":{"line":15,"column":42}},"7":{"start":{"line":17,"column":39},"end":{"line":17,"column":93}},"8":{"start":{"line":19,"column":0},"end":{"line":19,"column":40}},"9":{"start":{"line":20,"column":0},"end":{"line":20,"column":24}},"10":{"start":{"line":22,"column":14},"end":{"line":24,"column":1}},"11":{"start":{"line":26,"column":10},"end":{"line":26,"column":49}},"12":{"start":{"line":27,"column":10},"end":{"line":27,"column":42}},"13":{"start":{"line":29,"column":0},"end":{"line":37,"column":3}},"14":{"start":{"line":30,"column":2},"end":{"line":32,"column":5}},"15":{"start":{"line":31,"column":4},"end":{"line":31,"column":38}},"16":{"start":{"line":34,"column":2},"end":{"line":36,"column":5}},"17":{"start":{"line":35,"column":4},"end":{"line":35,"column":48}}},"fnMap":{"0":{"name":"_interopRequireDefault","decl":{"start":{"line":17,"column":9},"end":{"line":17,"column":31}},"loc":{"start":{"line":17,"column":37},"end":{"line":17,"column":95}},"line":17},"1":{"name":"(anonymous_1)","decl":{"start":{"line":29,"column":28},"end":{"line":29,"column":29}},"loc":{"start":{"line":29,"column":40},"end":{"line":37,"column":1}},"line":29},"2":{"name":"(anonymous_2)","decl":{"start":{"line":30,"column":13},"end":{"line":30,"column":14}},"loc":{"start":{"line":30,"column":25},"end":{"line":32,"column":3}},"line":30},"3":{"name":"(anonymous_3)","decl":{"start":{"line":34,"column":37},"end":{"line":34,"column":38}},"loc":{"start":{"line":34,"column":49},"end":{"line":36,"column":3}},"line":34}},"branchMap":{"0":{"loc":{"start":{"line":17,"column":46},"end":{"line":17,"column":92}},"type":"cond-expr","locations":[{"start":{"line":17,"column":70},"end":{"line":17,"column":73}},{"start":{"line":17,"column":76},"end":{"line":17,"column":92}}],"line":17},"1":{"loc":{"start":{"line":17,"column":46},"end":{"line":17,"column":67}},"type":"binary-expr","locations":[{"start":{"line":17,"column":46},"end":{"line":17,"column":49}},{"start":{"line":17,"column":53},"end":{"line":17,"column":67}}],"line":17}},"s":{"0":1,"1":1,"2":1,"3":1,"4":1,"5":1,"6":1,"7":3,"8":1,"9":1,"10":1,"11":1,"12":1,"13":1,"14":1,"15":1,"16":1,"17":1},"f":{"0":3,"1":1,"2":1,"3":1},"b":{"0":[1,2],"1":[3,3]},"_coverageSchema":"332fd63041d2c1bcb487cc26dd0d5f7d97098a6c","hash":"0950493a7c64fc1f5b2ed5a6563fecaadb83320e","contentHash":"5f9d50a8037e7178ad3f6c17caa24191_11.7.1"},"C:\\Users\\Ikechukwu Njoku\\Desktop\\js\\react\\Book-A-Meal\\server\\tests\\controllers\\OrdersController\\createController.js":{"path":"C:\\Users\\Ikechukwu Njoku\\Desktop\\js\\react\\Book-A-Meal\\server\\tests\\controllers\\OrdersController\\createController.js","statementMap":{"0":{"start":{"line":3,"column":12},"end":{"line":3,"column":27}},"1":{"start":{"line":5,"column":13},"end":{"line":5,"column":42}},"2":{"start":{"line":7,"column":24},"end":{"line":7,"column":53}},"3":{"start":{"line":9,"column":13},"end":{"line":9,"column":29}},"4":{"start":{"line":11,"column":14},"end":{"line":11,"column":44}},"5":{"start":{"line":13,"column":17},"end":{"line":13,"column":38}},"6":{"start":{"line":15,"column":18},"end":{"line":15,"column":52}},"7":{"start":{"line":17,"column":14},"end":{"line":17,"column":52}},"8":{"start":{"line":19,"column":15},"end":{"line":19,"column":46}},"9":{"start":{"line":21,"column":15},"end":{"line":21,"column":53}},"10":{"start":{"line":23,"column":15},"end":{"line":23,"column":47}},"11":{"start":{"line":25,"column":39},"end":{"line":25,"column":93}},"12":{"start":{"line":27,"column":0},"end":{"line":27,"column":40}},"13":{"start":{"line":28,"column":0},"end":{"line":28,"column":24}},"14":{"start":{"line":30,"column":14},"end":{"line":49,"column":1}},"15":{"start":{"line":51,"column":19},"end":{"line":63,"column":1}},"16":{"start":{"line":65,"column":10},"end":{"line":65,"column":49}},"17":{"start":{"line":66,"column":10},"end":{"line":66,"column":42}},"18":{"start":{"line":68,"column":0},"end":{"line":97,"column":3}},"19":{"start":{"line":69,"column":2},"end":{"line":71,"column":5}},"20":{"start":{"line":70,"column":4},"end":{"line":70,"column":43}},"21":{"start":{"line":73,"column":2},"end":{"line":75,"column":5}},"22":{"start":{"line":74,"column":4},"end":{"line":74,"column":48}},"23":{"start":{"line":77,"column":2},"end":{"line":82,"column":5}},"24":{"start":{"line":78,"column":19},"end":{"line":80,"column":6}},"25":{"start":{"line":79,"column":6},"end":{"line":79,"column":41}},"26":{"start":{"line":81,"column":4},"end":{"line":81,"column":39}},"27":{"start":{"line":84,"column":2},"end":{"line":88,"column":5}},"28":{"start":{"line":85,"column":17},"end":{"line":85,"column":61}},"29":{"start":{"line":86,"column":4},"end":{"line":86,"column":46}},"30":{"start":{"line":87,"column":4},"end":{"line":87,"column":48}},"31":{"start":{"line":90,"column":2},"end":{"line":96,"column":5}},"32":{"start":{"line":91,"column":17},"end":{"line":91,"column":61}},"33":{"start":{"line":92,"column":4},"end":{"line":92,"column":46}},"34":{"start":{"line":93,"column":4},"end":{"line":95,"column":7}}},"fnMap":{"0":{"name":"_interopRequireDefault","decl":{"start":{"line":25,"column":9},"end":{"line":25,"column":31}},"loc":{"start":{"line":25,"column":37},"end":{"line":25,"column":95}},"line":25},"1":{"name":"(anonymous_1)","decl":{"start":{"line":68,"column":31},"end":{"line":68,"column":32}},"loc":{"start":{"line":68,"column":43},"end":{"line":97,"column":1}},"line":68},"2":{"name":"(anonymous_2)","decl":{"start":{"line":69,"column":13},"end":{"line":69,"column":14}},"loc":{"start":{"line":69,"column":25},"end":{"line":71,"column":3}},"line":69},"3":{"name":"(anonymous_3)","decl":{"start":{"line":73,"column":37},"end":{"line":73,"column":38}},"loc":{"start":{"line":73,"column":49},"end":{"line":75,"column":3}},"line":73},"4":{"name":"(anonymous_4)","decl":{"start":{"line":77,"column":37},"end":{"line":77,"column":38}},"loc":{"start":{"line":77,"column":49},"end":{"line":82,"column":3}},"line":77},"5":{"name":"(anonymous_5)","decl":{"start":{"line":78,"column":43},"end":{"line":78,"column":44}},"loc":{"start":{"line":78,"column":60},"end":{"line":80,"column":5}},"line":78},"6":{"name":"(anonymous_6)","decl":{"start":{"line":84,"column":63},"end":{"line":84,"column":64}},"loc":{"start":{"line":84,"column":75},"end":{"line":88,"column":3}},"line":84},"7":{"name":"(anonymous_7)","decl":{"start":{"line":90,"column":56},"end":{"line":90,"column":57}},"loc":{"start":{"line":90,"column":68},"end":{"line":96,"column":3}},"line":90}},"branchMap":{"0":{"loc":{"start":{"line":25,"column":46},"end":{"line":25,"column":92}},"type":"cond-expr","locations":[{"start":{"line":25,"column":70},"end":{"line":25,"column":73}},{"start":{"line":25,"column":76},"end":{"line":25,"column":92}}],"line":25},"1":{"loc":{"start":{"line":25,"column":46},"end":{"line":25,"column":67}},"type":"binary-expr","locations":[{"start":{"line":25,"column":46},"end":{"line":25,"column":49}},{"start":{"line":25,"column":53},"end":{"line":25,"column":67}}],"line":25}},"s":{"0":1,"1":1,"2":1,"3":1,"4":1,"5":1,"6":1,"7":1,"8":1,"9":1,"10":1,"11":5,"12":1,"13":1,"14":1,"15":1,"16":1,"17":1,"18":1,"19":1,"20":4,"21":1,"22":1,"23":1,"24":1,"25":5,"26":1,"27":1,"28":1,"29":1,"30":1,"31":1,"32":1,"33":1,"34":1},"f":{"0":5,"1":1,"2":4,"3":1,"4":1,"5":5,"6":1,"7":1},"b":{"0":[2,3],"1":[5,5]},"_coverageSchema":"332fd63041d2c1bcb487cc26dd0d5f7d97098a6c","hash":"9e14d7a3e5eb65bdd57a8cc5d32fba0be9398d95","contentHash":"229d21cfe3b8e9119df7baf68f02a00e_11.7.1"},"C:\\Users\\Ikechukwu Njoku\\Desktop\\js\\react\\Book-A-Meal\\server\\controllers\\orders.js":{"path":"C:\\Users\\Ikechukwu Njoku\\Desktop\\js\\react\\Book-A-Meal\\server\\controllers\\orders.js","statementMap":{"0":{"start":{"line":3,"column":0},"end":{"line":5,"column":3}},"1":{"start":{"line":7,"column":16},"end":{"line":7,"column":56}},"2":{"start":{"line":9,"column":16},"end":{"line":9,"column":49}},"3":{"start":{"line":11,"column":23},"end":{"line":11,"column":70}},"4":{"start":{"line":13,"column":23},"end":{"line":13,"column":63}},"5":{"start":{"line":15,"column":20},"end":{"line":15,"column":64}},"6":{"start":{"line":17,"column":20},"end":{"line":17,"column":57}},"7":{"start":{"line":19,"column":34},"end":{"line":19,"column":92}},"8":{"start":{"line":21,"column":34},"end":{"line":21,"column":85}},"9":{"start":{"line":23,"column":17},"end":{"line":23,"column":58}},"10":{"start":{"line":25,"column":17},"end":{"line":25,"column":51}},"11":{"start":{"line":27,"column":13},"end":{"line":27,"column":31}},"12":{"start":{"line":29,"column":14},"end":{"line":29,"column":44}},"13":{"start":{"line":31,"column":14},"end":{"line":31,"column":46}},"14":{"start":{"line":33,"column":15},"end":{"line":33,"column":46}},"15":{"start":{"line":35,"column":39},"end":{"line":35,"column":93}},"16":{"start":{"line":37,"column":23},"end":{"line":92,"column":18}},"17":{"start":{"line":38,"column":2},"end":{"line":38,"column":62}},"18":{"start":{"line":41,"column":4},"end":{"line":41,"column":58}},"19":{"start":{"line":42,"column":4},"end":{"line":42,"column":154}},"20":{"start":{"line":45,"column":2},"end":{"line":90,"column":6}},"21":{"start":{"line":48,"column":22},"end":{"line":48,"column":30}},"22":{"start":{"line":49,"column":23},"end":{"line":49,"column":43}},"23":{"start":{"line":50,"column":17},"end":{"line":50,"column":31}},"24":{"start":{"line":51,"column":19},"end":{"line":51,"column":35}},"25":{"start":{"line":52,"column":18},"end":{"line":52,"column":33}},"26":{"start":{"line":54,"column":6},"end":{"line":58,"column":7}},"27":{"start":{"line":55,"column":8},"end":{"line":57,"column":11}},"28":{"start":{"line":59,"column":6},"end":{"line":64,"column":9}},"29":{"start":{"line":65,"column":26},"end":{"line":67,"column":8}},"30":{"start":{"line":66,"column":8},"end":{"line":66,"column":56}},"31":{"start":{"line":68,"column":6},"end":{"line":68,"column":67}},"32":{"start":{"line":73,"column":6},"end":{"line":73,"column":52}},"33":{"start":{"line":78,"column":23},"end":{"line":80,"column":8}},"34":{"start":{"line":79,"column":8},"end":{"line":79,"column":55}},"35":{"start":{"line":81,"column":6},"end":{"line":85,"column":7}},"36":{"start":{"line":82,"column":8},"end":{"line":84,"column":11}},"37":{"start":{"line":86,"column":25},"end":{"line":86,"column":91}},"38":{"start":{"line":87,"column":6},"end":{"line":87,"column":59}},"39":{"start":{"line":88,"column":6},"end":{"line":88,"column":48}},"40":{"start":{"line":91,"column":2},"end":{"line":91,"column":26}},"41":{"start":{"line":94,"column":0},"end":{"line":94,"column":35}}},"fnMap":{"0":{"name":"_interopRequireDefault","decl":{"start":{"line":35,"column":9},"end":{"line":35,"column":31}},"loc":{"start":{"line":35,"column":37},"end":{"line":35,"column":95}},"line":35},"1":{"name":"(anonymous_1)","decl":{"start":{"line":37,"column":23},"end":{"line":37,"column":24}},"loc":{"start":{"line":37,"column":51},"end":{"line":92,"column":1}},"line":37},"2":{"name":"OrdersController","decl":{"start":{"line":40,"column":11},"end":{"line":40,"column":27}},"loc":{"start":{"line":40,"column":30},"end":{"line":43,"column":3}},"line":40},"3":{"name":"createOrder","decl":{"start":{"line":47,"column":20},"end":{"line":47,"column":31}},"loc":{"start":{"line":47,"column":42},"end":{"line":69,"column":5}},"line":47},"4":{"name":"(anonymous_4)","decl":{"start":{"line":65,"column":53},"end":{"line":65,"column":54}},"loc":{"start":{"line":65,"column":70},"end":{"line":67,"column":7}},"line":65},"5":{"name":"listOrders","decl":{"start":{"line":72,"column":20},"end":{"line":72,"column":30}},"loc":{"start":{"line":72,"column":41},"end":{"line":74,"column":5}},"line":72},"6":{"name":"updateOrder","decl":{"start":{"line":77,"column":20},"end":{"line":77,"column":31}},"loc":{"start":{"line":77,"column":42},"end":{"line":89,"column":5}},"line":77},"7":{"name":"(anonymous_7)","decl":{"start":{"line":78,"column":50},"end":{"line":78,"column":51}},"loc":{"start":{"line":78,"column":67},"end":{"line":80,"column":7}},"line":78}},"branchMap":{"0":{"loc":{"start":{"line":35,"column":46},"end":{"line":35,"column":92}},"type":"cond-expr","locations":[{"start":{"line":35,"column":70},"end":{"line":35,"column":73}},{"start":{"line":35,"column":76},"end":{"line":35,"column":92}}],"line":35},"1":{"loc":{"start":{"line":35,"column":46},"end":{"line":35,"column":67}},"type":"binary-expr","locations":[{"start":{"line":35,"column":46},"end":{"line":35,"column":49}},{"start":{"line":35,"column":53},"end":{"line":35,"column":67}}],"line":35},"2":{"loc":{"start":{"line":42,"column":59},"end":{"line":42,"column":128}},"type":"binary-expr","locations":[{"start":{"line":42,"column":59},"end":{"line":42,"column":85}},{"start":{"line":42,"column":89},"end":{"line":42,"column":128}}],"line":42},"3":{"loc":{"start":{"line":54,"column":6},"end":{"line":58,"column":7}},"type":"if","locations":[{"start":{"line":54,"column":6},"end":{"line":58,"column":7}},{"start":{"line":54,"column":6},"end":{"line":58,"column":7}}],"line":54},"4":{"loc":{"start":{"line":54,"column":10},"end":{"line":54,"column":51}},"type":"binary-expr","locations":[{"start":{"line":54,"column":10},"end":{"line":54,"column":21}},{"start":{"line":54,"column":25},"end":{"line":54,"column":30}},{"start":{"line":54,"column":34},"end":{"line":54,"column":41}},{"start":{"line":54,"column":45},"end":{"line":54,"column":51}}],"line":54},"5":{"loc":{"start":{"line":81,"column":6},"end":{"line":85,"column":7}},"type":"if","locations":[{"start":{"line":81,"column":6},"end":{"line":85,"column":7}},{"start":{"line":81,"column":6},"end":{"line":85,"column":7}}],"line":81}},"s":{"0":1,"1":1,"2":1,"3":1,"4":1,"5":1,"6":1,"7":1,"8":1,"9":1,"10":1,"11":1,"12":1,"13":1,"14":1,"15":7,"16":1,"17":1,"18":0,"19":0,"20":1,"21":8,"22":8,"23":8,"24":8,"25":8,"26":8,"27":3,"28":8,"29":8,"30":39,"31":8,"32":2,"33":9,"34":41,"35":9,"36":3,"37":6,"38":6,"39":6,"40":1,"41":1},"f":{"0":7,"1":1,"2":0,"3":8,"4":39,"5":2,"6":9,"7":41},"b":{"0":[7,0],"1":[7,7],"2":[0,0],"3":[3,5],"4":[8,5,5,5],"5":[3,6]},"_coverageSchema":"332fd63041d2c1bcb487cc26dd0d5f7d97098a6c","hash":"29f0b2beecf4f2e0906a537704af9504fe5469eb","contentHash":"6eeded1ab8b1f793faebc71afe79c4ad_11.7.1"},"C:\\Users\\Ikechukwu Njoku\\Desktop\\js\\react\\Book-A-Meal\\server\\model-mocks\\orders.js":{"path":"C:\\Users\\Ikechukwu Njoku\\Desktop\\js\\react\\Book-A-Meal\\server\\model-mocks\\orders.js","statementMap":{"0":{"start":{"line":3,"column":0},"end":{"line":5,"column":3}},"1":{"start":{"line":6,"column":13},"end":{"line":60,"column":2}},"2":{"start":{"line":62,"column":0},"end":{"line":62,"column":25}}},"fnMap":{},"branchMap":{},"s":{"0":1,"1":1,"2":1},"f":{},"b":{},"_coverageSchema":"332fd63041d2c1bcb487cc26dd0d5f7d97098a6c","hash":"4d40b2f9abf648a3be6202b6fd08b1414b9a6ae9","contentHash":"8bed78156e3f766ba3172490ac29373b_11.7.1"},"C:\\Users\\Ikechukwu Njoku\\Desktop\\js\\react\\Book-A-Meal\\server\\tests\\controllers\\OrdersController\\listController.js":{"path":"C:\\Users\\Ikechukwu Njoku\\Desktop\\js\\react\\Book-A-Meal\\server\\tests\\controllers\\OrdersController\\listController.js","statementMap":{"0":{"start":{"line":3,"column":12},"end":{"line":3,"column":27}},"1":{"start":{"line":5,"column":13},"end":{"line":5,"column":42}},"2":{"start":{"line":7,"column":24},"end":{"line":7,"column":53}},"3":{"start":{"line":9,"column":17},"end":{"line":9,"column":38}},"4":{"start":{"line":11,"column":18},"end":{"line":11,"column":52}},"5":{"start":{"line":13,"column":14},"end":{"line":13,"column":52}},"6":{"start":{"line":15,"column":15},"end":{"line":15,"column":46}},"7":{"start":{"line":17,"column":39},"end":{"line":17,"column":93}},"8":{"start":{"line":19,"column":0},"end":{"line":19,"column":40}},"9":{"start":{"line":20,"column":0},"end":{"line":20,"column":24}},"10":{"start":{"line":22,"column":14},"end":{"line":24,"column":1}},"11":{"start":{"line":26,"column":10},"end":{"line":26,"column":49}},"12":{"start":{"line":27,"column":10},"end":{"line":27,"column":42}},"13":{"start":{"line":29,"column":0},"end":{"line":37,"column":3}},"14":{"start":{"line":30,"column":2},"end":{"line":32,"column":5}},"15":{"start":{"line":31,"column":4},"end":{"line":31,"column":42}},"16":{"start":{"line":34,"column":2},"end":{"line":36,"column":5}},"17":{"start":{"line":35,"column":4},"end":{"line":35,"column":48}}},"fnMap":{"0":{"name":"_interopRequireDefault","decl":{"start":{"line":17,"column":9},"end":{"line":17,"column":31}},"loc":{"start":{"line":17,"column":37},"end":{"line":17,"column":95}},"line":17},"1":{"name":"(anonymous_1)","decl":{"start":{"line":29,"column":30},"end":{"line":29,"column":31}},"loc":{"start":{"line":29,"column":42},"end":{"line":37,"column":1}},"line":29},"2":{"name":"(anonymous_2)","decl":{"start":{"line":30,"column":13},"end":{"line":30,"column":14}},"loc":{"start":{"line":30,"column":25},"end":{"line":32,"column":3}},"line":30},"3":{"name":"(anonymous_3)","decl":{"start":{"line":34,"column":37},"end":{"line":34,"column":38}},"loc":{"start":{"line":34,"column":49},"end":{"line":36,"column":3}},"line":34}},"branchMap":{"0":{"loc":{"start":{"line":17,"column":46},"end":{"line":17,"column":92}},"type":"cond-expr","locations":[{"start":{"line":17,"column":70},"end":{"line":17,"column":73}},{"start":{"line":17,"column":76},"end":{"line":17,"column":92}}],"line":17},"1":{"loc":{"start":{"line":17,"column":46},"end":{"line":17,"column":67}},"type":"binary-expr","locations":[{"start":{"line":17,"column":46},"end":{"line":17,"column":49}},{"start":{"line":17,"column":53},"end":{"line":17,"column":67}}],"line":17}},"s":{"0":1,"1":1,"2":1,"3":1,"4":1,"5":1,"6":1,"7":3,"8":1,"9":1,"10":1,"11":1,"12":1,"13":1,"14":1,"15":1,"16":1,"17":1},"f":{"0":3,"1":1,"2":1,"3":1},"b":{"0":[1,2],"1":[3,3]},"_coverageSchema":"332fd63041d2c1bcb487cc26dd0d5f7d97098a6c","hash":"cfb5bf21a2f5b8e73e5cf7045bcc46873c209e27","contentHash":"048ab671a459f331b7fd79d64e57ecaf_11.7.1"},"C:\\Users\\Ikechukwu Njoku\\Desktop\\js\\react\\Book-A-Meal\\server\\tests\\controllers\\OrdersController\\updateController.js":{"path":"C:\\Users\\Ikechukwu Njoku\\Desktop\\js\\react\\Book-A-Meal\\server\\tests\\controllers\\OrdersController\\updateController.js","statementMap":{"0":{"start":{"line":3,"column":12},"end":{"line":3,"column":27}},"1":{"start":{"line":5,"column":13},"end":{"line":5,"column":42}},"2":{"start":{"line":7,"column":13},"end":{"line":7,"column":29}},"3":{"start":{"line":9,"column":14},"end":{"line":9,"column":44}},"4":{"start":{"line":11,"column":17},"end":{"line":11,"column":38}},"5":{"start":{"line":13,"column":18},"end":{"line":13,"column":52}},"6":{"start":{"line":15,"column":24},"end":{"line":15,"column":53}},"7":{"start":{"line":17,"column":14},"end":{"line":17,"column":52}},"8":{"start":{"line":19,"column":15},"end":{"line":19,"column":46}},"9":{"start":{"line":21,"column":15},"end":{"line":21,"column":53}},"10":{"start":{"line":23,"column":15},"end":{"line":23,"column":47}},"11":{"start":{"line":25,"column":39},"end":{"line":25,"column":93}},"12":{"start":{"line":27,"column":0},"end":{"line":27,"column":40}},"13":{"start":{"line":29,"column":14},"end":{"line":51,"column":1}},"14":{"start":{"line":53,"column":17},"end":{"line":69,"column":1}},"15":{"start":{"line":71,"column":10},"end":{"line":71,"column":49}},"16":{"start":{"line":72,"column":10},"end":{"line":72,"column":42}},"17":{"start":{"line":74,"column":0},"end":{"line":104,"column":3}},"18":{"start":{"line":75,"column":2},"end":{"line":77,"column":5}},"19":{"start":{"line":76,"column":4},"end":{"line":76,"column":43}},"20":{"start":{"line":79,"column":2},"end":{"line":81,"column":5}},"21":{"start":{"line":80,"column":4},"end":{"line":80,"column":48}},"22":{"start":{"line":83,"column":2},"end":{"line":89,"column":5}},"23":{"start":{"line":84,"column":4},"end":{"line":84,"column":43}},"24":{"start":{"line":85,"column":28},"end":{"line":87,"column":6}},"25":{"start":{"line":86,"column":6},"end":{"line":86,"column":42}},"26":{"start":{"line":88,"column":4},"end":{"line":88,"column":49}},"27":{"start":{"line":91,"column":2},"end":{"line":95,"column":5}},"28":{"start":{"line":92,"column":19},"end":{"line":92,"column":61}},"29":{"start":{"line":93,"column":4},"end":{"line":93,"column":48}},"30":{"start":{"line":94,"column":4},"end":{"line":94,"column":48}},"31":{"start":{"line":97,"column":2},"end":{"line":103,"column":5}},"32":{"start":{"line":98,"column":20},"end":{"line":98,"column":62}},"33":{"start":{"line":99,"column":4},"end":{"line":99,"column":49}},"34":{"start":{"line":100,"column":4},"end":{"line":102,"column":7}}},"fnMap":{"0":{"name":"_interopRequireDefault","decl":{"start":{"line":25,"column":9},"end":{"line":25,"column":31}},"loc":{"start":{"line":25,"column":37},"end":{"line":25,"column":95}},"line":25},"1":{"name":"(anonymous_1)","decl":{"start":{"line":74,"column":31},"end":{"line":74,"column":32}},"loc":{"start":{"line":74,"column":43},"end":{"line":104,"column":1}},"line":74},"2":{"name":"(anonymous_2)","decl":{"start":{"line":75,"column":13},"end":{"line":75,"column":14}},"loc":{"start":{"line":75,"column":25},"end":{"line":77,"column":3}},"line":75},"3":{"name":"(anonymous_3)","decl":{"start":{"line":79,"column":37},"end":{"line":79,"column":38}},"loc":{"start":{"line":79,"column":49},"end":{"line":81,"column":3}},"line":79},"4":{"name":"(anonymous_4)","decl":{"start":{"line":83,"column":51},"end":{"line":83,"column":52}},"loc":{"start":{"line":83,"column":63},"end":{"line":89,"column":3}},"line":83},"5":{"name":"(anonymous_5)","decl":{"start":{"line":85,"column":55},"end":{"line":85,"column":56}},"loc":{"start":{"line":85,"column":72},"end":{"line":87,"column":5}},"line":85},"6":{"name":"(anonymous_6)","decl":{"start":{"line":91,"column":61},"end":{"line":91,"column":62}},"loc":{"start":{"line":91,"column":73},"end":{"line":95,"column":3}},"line":91},"7":{"name":"(anonymous_7)","decl":{"start":{"line":97,"column":71},"end":{"line":97,"column":72}},"loc":{"start":{"line":97,"column":83},"end":{"line":103,"column":3}},"line":97}},"branchMap":{"0":{"loc":{"start":{"line":25,"column":46},"end":{"line":25,"column":92}},"type":"cond-expr","locations":[{"start":{"line":25,"column":70},"end":{"line":25,"column":73}},{"start":{"line":25,"column":76},"end":{"line":25,"column":92}}],"line":25},"1":{"loc":{"start":{"line":25,"column":46},"end":{"line":25,"column":67}},"type":"binary-expr","locations":[{"start":{"line":25,"column":46},"end":{"line":25,"column":49}},{"start":{"line":25,"column":53},"end":{"line":25,"column":67}}],"line":25}},"s":{"0":1,"1":1,"2":1,"3":1,"4":1,"5":1,"6":1,"7":1,"8":1,"9":1,"10":1,"11":5,"12":1,"13":1,"14":1,"15":1,"16":1,"17":1,"18":1,"19":4,"20":1,"21":1,"22":1,"23":1,"24":1,"25":2,"26":1,"27":1,"28":1,"29":1,"30":1,"31":1,"32":1,"33":1,"34":1},"f":{"0":5,"1":1,"2":4,"3":1,"4":1,"5":2,"6":1,"7":1},"b":{"0":[2,3],"1":[5,5]},"_coverageSchema":"332fd63041d2c1bcb487cc26dd0d5f7d97098a6c","hash":"e01cdabb55b0bc8951c12811b75c1719c17e7395","contentHash":"7ba98f5c1237b119a69230f1f0e8afb6_11.7.1"},"C:\\Users\\Ikechukwu Njoku\\Desktop\\js\\react\\Book-A-Meal\\server\\tests\\controllers\\testIndexController.js":{"path":"C:\\Users\\Ikechukwu Njoku\\Desktop\\js\\react\\Book-A-Meal\\server\\tests\\controllers\\testIndexController.js","statementMap":{"0":{"start":{"line":3,"column":12},"end":{"line":3,"column":27}},"1":{"start":{"line":5,"column":13},"end":{"line":5,"column":42}},"2":{"start":{"line":7,"column":13},"end":{"line":7,"column":47}},"3":{"start":{"line":9,"column":14},"end":{"line":9,"column":44}},"4":{"start":{"line":11,"column":39},"end":{"line":11,"column":93}},"5":{"start":{"line":13,"column":0},"end":{"line":13,"column":24}},"6":{"start":{"line":15,"column":0},"end":{"line":19,"column":3}},"7":{"start":{"line":16,"column":2},"end":{"line":18,"column":5}},"8":{"start":{"line":17,"column":4},"end":{"line":17,"column":44}}},"fnMap":{"0":{"name":"_interopRequireDefault","decl":{"start":{"line":11,"column":9},"end":{"line":11,"column":31}},"loc":{"start":{"line":11,"column":37},"end":{"line":11,"column":95}},"line":11},"1":{"name":"(anonymous_1)","decl":{"start":{"line":15,"column":29},"end":{"line":15,"column":30}},"loc":{"start":{"line":15,"column":41},"end":{"line":19,"column":1}},"line":15},"2":{"name":"(anonymous_2)","decl":{"start":{"line":16,"column":29},"end":{"line":16,"column":30}},"loc":{"start":{"line":16,"column":41},"end":{"line":18,"column":3}},"line":16}},"branchMap":{"0":{"loc":{"start":{"line":11,"column":46},"end":{"line":11,"column":92}},"type":"cond-expr","locations":[{"start":{"line":11,"column":70},"end":{"line":11,"column":73}},{"start":{"line":11,"column":76},"end":{"line":11,"column":92}}],"line":11},"1":{"loc":{"start":{"line":11,"column":46},"end":{"line":11,"column":67}},"type":"binary-expr","locations":[{"start":{"line":11,"column":46},"end":{"line":11,"column":49}},{"start":{"line":11,"column":53},"end":{"line":11,"column":67}}],"line":11}},"s":{"0":1,"1":1,"2":1,"3":1,"4":2,"5":1,"6":1,"7":1,"8":1},"f":{"0":2,"1":1,"2":1},"b":{"0":[1,1],"1":[2,2]},"_coverageSchema":"332fd63041d2c1bcb487cc26dd0d5f7d97098a6c","hash":"cdcc4021a4e8458682667265aaaba1374b326dc6","contentHash":"c778cbe03aba79b4c8332ed93cf334af_11.7.1"},"C:\\Users\\Ikechukwu Njoku\\Desktop\\js\\react\\Book-A-Meal\\server\\tests\\model-mocks\\meal-mock\\testMealMock.js":{"path":"C:\\Users\\Ikechukwu Njoku\\Desktop\\js\\react\\Book-A-Meal\\server\\tests\\model-mocks\\meal-mock\\testMealMock.js","statementMap":{"0":{"start":{"line":3,"column":12},"end":{"line":3,"column":27}},"1":{"start":{"line":5,"column":13},"end":{"line":5,"column":42}},"2":{"start":{"line":7,"column":13},"end":{"line":7,"column":50}},"3":{"start":{"line":9,"column":14},"end":{"line":9,"column":44}},"4":{"start":{"line":11,"column":39},"end":{"line":11,"column":93}},"5":{"start":{"line":13,"column":0},"end":{"line":13,"column":24}},"6":{"start":{"line":15,"column":0},"end":{"line":30,"column":3}},"7":{"start":{"line":16,"column":2},"end":{"line":18,"column":5}},"8":{"start":{"line":17,"column":4},"end":{"line":17,"column":42}},"9":{"start":{"line":20,"column":2},"end":{"line":29,"column":5}},"10":{"start":{"line":21,"column":21},"end":{"line":27,"column":5}},"11":{"start":{"line":28,"column":4},"end":{"line":28,"column":53}}},"fnMap":{"0":{"name":"_interopRequireDefault","decl":{"start":{"line":11,"column":9},"end":{"line":11,"column":31}},"loc":{"start":{"line":11,"column":37},"end":{"line":11,"column":95}},"line":11},"1":{"name":"(anonymous_1)","decl":{"start":{"line":15,"column":27},"end":{"line":15,"column":28}},"loc":{"start":{"line":15,"column":39},"end":{"line":30,"column":1}},"line":15},"2":{"name":"(anonymous_2)","decl":{"start":{"line":16,"column":31},"end":{"line":16,"column":32}},"loc":{"start":{"line":16,"column":43},"end":{"line":18,"column":3}},"line":16},"3":{"name":"(anonymous_3)","decl":{"start":{"line":20,"column":29},"end":{"line":20,"column":30}},"loc":{"start":{"line":20,"column":41},"end":{"line":29,"column":3}},"line":20}},"branchMap":{"0":{"loc":{"start":{"line":11,"column":46},"end":{"line":11,"column":92}},"type":"cond-expr","locations":[{"start":{"line":11,"column":70},"end":{"line":11,"column":73}},{"start":{"line":11,"column":76},"end":{"line":11,"column":92}}],"line":11},"1":{"loc":{"start":{"line":11,"column":46},"end":{"line":11,"column":67}},"type":"binary-expr","locations":[{"start":{"line":11,"column":46},"end":{"line":11,"column":49}},{"start":{"line":11,"column":53},"end":{"line":11,"column":67}}],"line":11}},"s":{"0":1,"1":1,"2":1,"3":1,"4":2,"5":1,"6":1,"7":1,"8":1,"9":1,"10":1,"11":1},"f":{"0":2,"1":1,"2":1,"3":1},"b":{"0":[1,1],"1":[2,2]},"_coverageSchema":"332fd63041d2c1bcb487cc26dd0d5f7d97098a6c","hash":"4564fb701eacf5f9af80c0901c242168fd7ef28d","contentHash":"867487eed98aeb683c549dc72534cd05_11.7.1"},"C:\\Users\\Ikechukwu Njoku\\Desktop\\js\\react\\Book-A-Meal\\server\\tests\\routes\\mealsRoutes.js":{"path":"C:\\Users\\Ikechukwu Njoku\\Desktop\\js\\react\\Book-A-Meal\\server\\tests\\routes\\mealsRoutes.js","statementMap":{"0":{"start":{"line":3,"column":19},"end":{"line":3,"column":55}},"1":{"start":{"line":5,"column":20},"end":{"line":5,"column":56}},"2":{"start":{"line":7,"column":25},"end":{"line":7,"column":74}},"3":{"start":{"line":9,"column":25},"end":{"line":9,"column":67}},"4":{"start":{"line":11,"column":12},"end":{"line":11,"column":27}},"5":{"start":{"line":13,"column":13},"end":{"line":13,"column":42}},"6":{"start":{"line":15,"column":16},"end":{"line":15,"column":36}},"7":{"start":{"line":17,"column":17},"end":{"line":17,"column":50}},"8":{"start":{"line":19,"column":11},"end":{"line":19,"column":31}},"9":{"start":{"line":21,"column":12},"end":{"line":21,"column":40}},"10":{"start":{"line":23,"column":39},"end":{"line":23,"column":93}},"11":{"start":{"line":25,"column":0},"end":{"line":25,"column":39}},"12":{"start":{"line":26,"column":0},"end":{"line":26,"column":24}},"13":{"start":{"line":28,"column":0},"end":{"line":58,"column":3}},"14":{"start":{"line":29,"column":2},"end":{"line":57,"column":7}},"15":{"start":{"line":31,"column":4},"end":{"line":56,"column":37}},"16":{"start":{"line":32,"column":6},"end":{"line":55,"column":7}},"17":{"start":{"line":33,"column":8},"end":{"line":54,"column":9}},"18":{"start":{"line":35,"column":12},"end":{"line":35,"column":30}},"19":{"start":{"line":36,"column":12},"end":{"line":36,"column":30}},"20":{"start":{"line":37,"column":12},"end":{"line":37,"column":78}},"21":{"start":{"line":40,"column":12},"end":{"line":40,"column":32}},"22":{"start":{"line":42,"column":12},"end":{"line":42,"column":40}},"23":{"start":{"line":43,"column":12},"end":{"line":43,"column":31}},"24":{"start":{"line":44,"column":12},"end":{"line":44,"column":18}},"25":{"start":{"line":47,"column":12},"end":{"line":47,"column":30}},"26":{"start":{"line":48,"column":12},"end":{"line":48,"column":47}},"27":{"start":{"line":49,"column":12},"end":{"line":49,"column":30}},"28":{"start":{"line":53,"column":12},"end":{"line":53,"column":35}},"29":{"start":{"line":60,"column":0},"end":{"line":129,"column":3}},"30":{"start":{"line":61,"column":2},"end":{"line":94,"column":7}},"31":{"start":{"line":63,"column":4},"end":{"line":93,"column":38}},"32":{"start":{"line":64,"column":6},"end":{"line":92,"column":7}},"33":{"start":{"line":65,"column":8},"end":{"line":91,"column":9}},"34":{"start":{"line":67,"column":12},"end":{"line":67,"column":31}},"35":{"start":{"line":68,"column":12},"end":{"line":68,"column":31}},"36":{"start":{"line":69,"column":12},"end":{"line":74,"column":15}},"37":{"start":{"line":77,"column":12},"end":{"line":77,"column":33}},"38":{"start":{"line":79,"column":12},"end":{"line":79,"column":40}},"39":{"start":{"line":80,"column":12},"end":{"line":80,"column":32}},"40":{"start":{"line":81,"column":12},"end":{"line":81,"column":18}},"41":{"start":{"line":84,"column":12},"end":{"line":84,"column":31}},"42":{"start":{"line":85,"column":12},"end":{"line":85,"column":49}},"43":{"start":{"line":86,"column":12},"end":{"line":86,"column":31}},"44":{"start":{"line":90,"column":12},"end":{"line":90,"column":36}},"45":{"start":{"line":96,"column":2},"end":{"line":128,"column":7}},"46":{"start":{"line":98,"column":4},"end":{"line":127,"column":38}},"47":{"start":{"line":99,"column":6},"end":{"line":126,"column":7}},"48":{"start":{"line":100,"column":8},"end":{"line":125,"column":9}},"49":{"start":{"line":102,"column":12},"end":{"line":102,"column":31}},"50":{"start":{"line":103,"column":12},"end":{"line":103,"column":31}},"51":{"start":{"line":104,"column":12},"end":{"line":108,"column":15}},"52":{"start":{"line":111,"column":12},"end":{"line":111,"column":33}},"53":{"start":{"line":113,"column":12},"end":{"line":113,"column":40}},"54":{"start":{"line":114,"column":12},"end":{"line":114,"column":32}},"55":{"start":{"line":115,"column":12},"end":{"line":115,"column":18}},"56":{"start":{"line":118,"column":12},"end":{"line":118,"column":31}},"57":{"start":{"line":119,"column":12},"end":{"line":119,"column":49}},"58":{"start":{"line":120,"column":12},"end":{"line":120,"column":31}},"59":{"start":{"line":124,"column":12},"end":{"line":124,"column":36}},"60":{"start":{"line":131,"column":0},"end":{"line":202,"column":3}},"61":{"start":{"line":132,"column":2},"end":{"line":166,"column":7}},"62":{"start":{"line":134,"column":4},"end":{"line":165,"column":38}},"63":{"start":{"line":135,"column":6},"end":{"line":164,"column":7}},"64":{"start":{"line":136,"column":8},"end":{"line":163,"column":9}},"65":{"start":{"line":138,"column":12},"end":{"line":138,"column":31}},"66":{"start":{"line":139,"column":12},"end":{"line":139,"column":31}},"67":{"start":{"line":140,"column":12},"end":{"line":145,"column":15}},"68":{"start":{"line":148,"column":12},"end":{"line":148,"column":33}},"69":{"start":{"line":151,"column":12},"end":{"line":151,"column":40}},"70":{"start":{"line":152,"column":12},"end":{"line":152,"column":32}},"71":{"start":{"line":153,"column":12},"end":{"line":153,"column":18}},"72":{"start":{"line":156,"column":12},"end":{"line":156,"column":31}},"73":{"start":{"line":157,"column":12},"end":{"line":157,"column":49}},"74":{"start":{"line":158,"column":12},"end":{"line":158,"column":31}},"75":{"start":{"line":162,"column":12},"end":{"line":162,"column":36}},"76":{"start":{"line":168,"column":2},"end":{"line":201,"column":7}},"77":{"start":{"line":170,"column":4},"end":{"line":200,"column":38}},"78":{"start":{"line":171,"column":6},"end":{"line":199,"column":7}},"79":{"start":{"line":172,"column":8},"end":{"line":198,"column":9}},"80":{"start":{"line":174,"column":12},"end":{"line":174,"column":31}},"81":{"start":{"line":175,"column":12},"end":{"line":175,"column":31}},"82":{"start":{"line":176,"column":12},"end":{"line":181,"column":15}},"83":{"start":{"line":184,"column":12},"end":{"line":184,"column":33}},"84":{"start":{"line":186,"column":12},"end":{"line":186,"column":40}},"85":{"start":{"line":187,"column":12},"end":{"line":187,"column":32}},"86":{"start":{"line":188,"column":12},"end":{"line":188,"column":18}},"87":{"start":{"line":191,"column":12},"end":{"line":191,"column":31}},"88":{"start":{"line":192,"column":12},"end":{"line":192,"column":49}},"89":{"start":{"line":193,"column":12},"end":{"line":193,"column":31}},"90":{"start":{"line":197,"column":12},"end":{"line":197,"column":36}},"91":{"start":{"line":204,"column":0},"end":{"line":265,"column":3}},"92":{"start":{"line":205,"column":2},"end":{"line":233,"column":7}},"93":{"start":{"line":207,"column":4},"end":{"line":232,"column":38}},"94":{"start":{"line":208,"column":6},"end":{"line":231,"column":7}},"95":{"start":{"line":209,"column":8},"end":{"line":230,"column":9}},"96":{"start":{"line":211,"column":12},"end":{"line":211,"column":31}},"97":{"start":{"line":212,"column":12},"end":{"line":212,"column":31}},"98":{"start":{"line":213,"column":12},"end":{"line":213,"column":83}},"99":{"start":{"line":216,"column":12},"end":{"line":216,"column":33}},"100":{"start":{"line":218,"column":12},"end":{"line":218,"column":40}},"101":{"start":{"line":219,"column":12},"end":{"line":219,"column":32}},"102":{"start":{"line":220,"column":12},"end":{"line":220,"column":18}},"103":{"start":{"line":223,"column":12},"end":{"line":223,"column":31}},"104":{"start":{"line":224,"column":12},"end":{"line":224,"column":49}},"105":{"start":{"line":225,"column":12},"end":{"line":225,"column":31}},"106":{"start":{"line":229,"column":12},"end":{"line":229,"column":36}},"107":{"start":{"line":235,"column":2},"end":{"line":264,"column":7}},"108":{"start":{"line":237,"column":4},"end":{"line":263,"column":38}},"109":{"start":{"line":238,"column":6},"end":{"line":262,"column":7}},"110":{"start":{"line":239,"column":8},"end":{"line":261,"column":9}},"111":{"start":{"line":241,"column":12},"end":{"line":241,"column":31}},"112":{"start":{"line":242,"column":12},"end":{"line":242,"column":31}},"113":{"start":{"line":243,"column":12},"end":{"line":243,"column":84}},"114":{"start":{"line":246,"column":12},"end":{"line":246,"column":33}},"115":{"start":{"line":248,"column":12},"end":{"line":248,"column":40}},"116":{"start":{"line":249,"column":12},"end":{"line":249,"column":63}},"117":{"start":{"line":250,"column":12},"end":{"line":250,"column":32}},"118":{"start":{"line":251,"column":12},"end":{"line":251,"column":18}},"119":{"start":{"line":254,"column":12},"end":{"line":254,"column":31}},"120":{"start":{"line":255,"column":12},"end":{"line":255,"column":49}},"121":{"start":{"line":256,"column":12},"end":{"line":256,"column":31}},"122":{"start":{"line":260,"column":12},"end":{"line":260,"column":36}}},"fnMap":{"0":{"name":"_interopRequireDefault","decl":{"start":{"line":23,"column":9},"end":{"line":23,"column":31}},"loc":{"start":{"line":23,"column":37
[...]
line":32,"column":6},"end":{"line":55,"column":7}},"17":{"start":{"line":33,"column":8},"end":{"line":54,"column":9}},"18":{"start":{"line":35,"column":12},"end":{"line":35,"column":30}},"19":{"start":{"line":36,"column":12},"end":{"line":36,"column":30}},"20":{"start":{"line":37,"column":12},"end":{"line":37,"column":77}},"21":{"start":{"line":40,"column":12},"end":{"line":40,"column":32}},"22":{"start":{"line":42,"column":12},"end":{"line":42,"column":40}},"23":{"start":{"line":43,"column":12},"end":{"line":43,"column":31}},"24":{"start":{"line":44,"column":12},"end":{"line":44,"column":18}},"25":{"start":{"line":47,"column":12},"end":{"line":47,"column":30}},"26":{"start":{"line":48,"column":12},"end":{"line":48,"column":47}},"27":{"start":{"line":49,"column":12},"end":{"line":49,"column":30}},"28":{"start":{"line":53,"column":12},"end":{"line":53,"column":35}},"29":{"start":{"line":60,"column":0},"end":{"line":139,"column":3}},"30":{"start":{"line":61,"column":2},"end":{"line":99,"column":7}},"31":{"start":{"line":63,"column":4},"end":{"line":98,"column":38}},"32":{"start":{"line":64,"column":6},"end":{"line":97,"column":7}},"33":{"start":{"line":65,"column":8},"end":{"line":96,"column":9}},"34":{"start":{"line":67,"column":12},"end":{"line":67,"column":31}},"35":{"start":{"line":68,"column":12},"end":{"line":68,"column":31}},"36":{"start":{"line":69,"column":12},"end":{"line":79,"column":15}},"37":{"start":{"line":82,"column":12},"end":{"line":82,"column":33}},"38":{"start":{"line":84,"column":12},"end":{"line":84,"column":40}},"39":{"start":{"line":85,"column":12},"end":{"line":85,"column":32}},"40":{"start":{"line":86,"column":12},"end":{"line":86,"column":18}},"41":{"start":{"line":89,"column":12},"end":{"line":89,"column":31}},"42":{"start":{"line":90,"column":12},"end":{"line":90,"column":49}},"43":{"start":{"line":91,"column":12},"end":{"line":91,"column":31}},"44":{"start":{"line":95,"column":12},"end":{"line":95,"column":36}},"45":{"start":{"line":101,"column":2},"end":{"line":138,"column":7}},"46":{"start":{"line":103,"column":4},"end":{"line":137,"column":38}},"47":{"start":{"line":104,"column":6},"end":{"line":136,"column":7}},"48":{"start":{"line":105,"column":8},"end":{"line":135,"column":9}},"49":{"start":{"line":107,"column":12},"end":{"line":107,"column":31}},"50":{"start":{"line":108,"column":12},"end":{"line":108,"column":31}},"51":{"start":{"line":109,"column":12},"end":{"line":118,"column":15}},"52":{"start":{"line":121,"column":12},"end":{"line":121,"column":33}},"53":{"start":{"line":123,"column":12},"end":{"line":123,"column":40}},"54":{"start":{"line":124,"column":12},"end":{"line":124,"column":32}},"55":{"start":{"line":125,"column":12},"end":{"line":125,"column":18}},"56":{"start":{"line":128,"column":12},"end":{"line":128,"column":31}},"57":{"start":{"line":129,"column":12},"end":{"line":129,"column":49}},"58":{"start":{"line":130,"column":12},"end":{"line":130,"column":31}},"59":{"start":{"line":134,"column":12},"end":{"line":134,"column":36}}},"fnMap":{"0":{"name":"_interopRequireDefault","decl":{"start":{"line":23,"column":9},"end":{"line":23,"column":31}},"loc":{"start":{"line":23,"column":37},"end":{"line":23,"column":95}},"line":23},"1":{"name":"(anonymous_1)","decl":{"start":{"line":28,"column":35},"end":{"line":28,"column":36}},"loc":{"start":{"line":28,"column":47},"end":{"line":58,"column":1}},"line":28},"2":{"name":"_callee","decl":{"start":{"line":29,"column":115},"end":{"line":29,"column":122}},"loc":{"start":{"line":29,"column":125},"end":{"line":57,"column":3}},"line":29},"3":{"name":"_callee$","decl":{"start":{"line":31,"column":47},"end":{"line":31,"column":55}},"loc":{"start":{"line":31,"column":66},"end":{"line":56,"column":5}},"line":31},"4":{"name":"(anonymous_4)","decl":{"start":{"line":60,"column":36},"end":{"line":60,"column":37}},"loc":{"start":{"line":60,"column":48},"end":{"line":139,"column":1}},"line":60},"5":{"name":"_callee2","decl":{"start":{"line":61,"column":115},"end":{"line":61,"column":123}},"loc":{"start":{"line":61,"column":126},"end":{"line":99,"column":3}},"line":61},"6":{"name":"_callee2$","decl":{"start":{"line":63,"column":47},"end":{"line":63,"column":56}},"loc":{"start":{"line":63,"column":68},"end":{"line":98,"column":5}},"line":63},"7":{"name":"_callee3","decl":{"start":{"line":101,"column":140},"end":{"line":101,"column":148}},"loc":{"start":{"line":101,"column":151},"end":{"line":138,"column":3}},"line":101},"8":{"name":"_callee3$","decl":{"start":{"line":103,"column":47},"end":{"line":103,"column":56}},"loc":{"start":{"line":103,"column":68},"end":{"line":137,"column":5}},"line":103}},"branchMap":{"0":{"loc":{"start":{"line":23,"column":46},"end":{"line":23,"column":92}},"type":"cond-expr","locations":[{"start":{"line":23,"column":70},"end":{"line":23,"column":73}},{"start":{"line":23,"column":76},"end":{"line":23,"column":92}}],"line":23},"1":{"loc":{"start":{"line":23,"column":46},"end":{"line":23,"column":67}},"type":"binary-expr","locations":[{"start":{"line":23,"column":46},"end":{"line":23,"column":49}},{"start":{"line":23,"column":53},"end":{"line":23,"column":67}}],"line":23},"2":{"loc":{"start":{"line":33,"column":8},"end":{"line":54,"column":9}},"type":"switch","locations":[{"start":{"line":34,"column":10},"end":{"line":37,"column":77}},{"start":{"line":39,"column":10},"end":{"line":44,"column":18}},{"start":{"line":46,"column":10},"end":{"line":49,"column":30}},{"start":{"line":51,"column":10},"end":{"line":51,"column":18}},{"start":{"line":52,"column":10},"end":{"line":53,"column":35}}],"line":33},"3":{"loc":{"start":{"line":65,"column":8},"end":{"line":96,"column":9}},"type":"switch","locations":[{"start":{"line":66,"column":10},"end":{"line":79,"column":15}},{"start":{"line":81,"column":10},"end":{"line":86,"column":18}},{"start":{"line":88,"column":10},"end":{"line":91,"column":31}},{"start":{"line":93,"column":10},"end":{"line":93,"column":18}},{"start":{"line":94,"column":10},"end":{"line":95,"column":36}}],"line":65},"4":{"loc":{"start":{"line":105,"column":8},"end":{"line":135,"column":9}},"type":"switch","locations":[{"start":{"line":106,"column":10},"end":{"line":118,"column":15}},{"start":{"line":120,"column":10},"end":{"line":125,"column":18}},{"start":{"line":127,"column":10},"end":{"line":130,"column":31}},{"start":{"line":132,"column":10},"end":{"line":132,"column":18}},{"start":{"line":133,"column":10},"end":{"line":134,"column":36}}],"line":105}},"s":{"0":1,"1":1,"2":1,"3":1,"4":1,"5":1,"6":1,"7":1,"8":1,"9":1,"10":5,"11":1,"12":1,"13":1,"14":1,"15":1,"16":2,"17":3,"18":1,"19":1,"20":1,"21":1,"22":1,"23":1,"24":1,"25":0,"26":0,"27":0,"28":1,"29":1,"30":1,"31":1,"32":2,"33":3,"34":1,"35":1,"36":1,"37":1,"38":1,"39":1,"40":1,"41":0,"42":0,"43":0,"44":1,"45":1,"46":1,"47":2,"48":3,"49":1,"50":1,"51":1,"52":1,"53":1,"54":1,"55":1,"56":0,"57":0,"58":0,"59":1},"f":{"0":5,"1":1,"2":1,"3":2,"4":1,"5":1,"6":2,"7":1,"8":2},"b":{"0":[1,4],"1":[5,5],"2":[1,1,0,1,1],"3":[1,1,0,1,1],"4":[1,1,0,1,1]},"_coverageSchema":"332fd63041d2c1bcb487cc26dd0d5f7d97098a6c","hash":"e4cdaffecc437d3cfd037dc353d0f34e77f82d79","contentHash":"9e97505f3500b4e84085471af6555ee1_11.7.1"},"C:\\Users\\Ikechukwu Njoku\\Desktop\\js\\react\\Book-A-Meal\\server\\tests\\routes\\orderRoutes.js":{"path":"C:\\Users\\Ikechukwu Njoku\\Desktop\\js\\react\\Book-A-Meal\\server\\tests\\routes\\orderRoutes.js","statementMap":{"0":{"start":{"line":3,"column":19},"end":{"line":3,"column":55}},"1":{"start":{"line":5,"column":20},"end":{"line":5,"column":56}},"2":{"start":{"line":7,"column":25},"end":{"line":7,"column":74}},"3":{"start":{"line":9,"column":25},"end":{"line":9,"column":67}},"4":{"start":{"line":11,"column":12},"end":{"line":11,"column":27}},"5":{"start":{"line":13,"column":13},"end":{"line":13,"column":42}},"6":{"start":{"line":15,"column":16},"end":{"line":15,"column":36}},"7":{"start":{"line":17,"column":17},"end":{"line":17,"column":50}},"8":{"start":{"line":19,"column":11},"end":{"line":19,"column":31}},"9":{"start":{"line":21,"column":12},"end":{"line":21,"column":40}},"10":{"start":{"line":23,"column":39},"end":{"line":23,"column":93}},"11":{"start":{"line":25,"column":0},"end":{"line":25,"column":39}},"12":{"start":{"line":26,"column":0},"end":{"line":26,"column":24}},"13":{"start":{"line":28,"column":0},"end":{"line":58,"column":3}},"14":{"start":{"line":29,"column":2},"end":{"line":57,"column":7}},"15":{"start":{"line":31,"column":4},"end":{"line":56,"column":37}},"16":{"start":{"line":32,"column":6},"end":{"line":55,"column":7}},"17":{"start":{"line":33,"column":8},"end":{"line":54,"column":9}},"18":{"start":{"line":35,"column":12},"end":{"line":35,"column":30}},"19":{"start":{"line":36,"column":12},"end":{"line":36,"column":30}},"20":{"start":{"line":37,"column":12},"end":{"line":37,"column":79}},"21":{"start":{"line":40,"column":12},"end":{"line":40,"column":32}},"22":{"start":{"line":42,"column":12},"end":{"line":42,"column":40}},"23":{"start":{"line":43,"column":12},"end":{"line":43,"column":31}},"24":{"start":{"line":44,"column":12},"end":{"line":44,"column":18}},"25":{"start":{"line":47,"column":12},"end":{"line":47,"column":30}},"26":{"start":{"line":48,"column":12},"end":{"line":48,"column":47}},"27":{"start":{"line":49,"column":12},"end":{"line":49,"column":30}},"28":{"start":{"line":53,"column":12},"end":{"line":53,"column":35}},"29":{"start":{"line":60,"column":0},"end":{"line":147,"column":3}},"30":{"start":{"line":61,"column":2},"end":{"line":106,"column":7}},"31":{"start":{"line":63,"column":4},"end":{"line":105,"column":38}},"32":{"start":{"line":64,"column":6},"end":{"line":104,"column":7}},"33":{"start":{"line":65,"column":8},"end":{"line":103,"column":9}},"34":{"start":{"line":67,"column":12},"end":{"line":67,"column":31}},"35":{"start":{"line":68,"column":12},"end":{"line":68,"column":31}},"36":{"start":{"line":69,"column":12},"end":{"line":86,"column":15}},"37":{"start":{"line":89,"column":12},"end":{"line":89,"column":33}},"38":{"start":{"line":91,"column":12},"end":{"line":91,"column":40}},"39":{"start":{"line":92,"column":12},"end":{"line":92,"column":32}},"40":{"start":{"line":93,"column":12},"end":{"line":93,"column":18}},"41":{"start":{"line":96,"column":12},"end":{"line":96,"column":31}},"42":{"start":{"line":97,"column":12},"end":{"line":97,"column":49}},"43":{"start":{"line":98,"column":12},"end":{"line":98,"column":31}},"44":{"start":{"line":102,"column":12},"end":{"line":102,"column":36}},"45":{"start":{"line":108,"column":2},"end":{"line":146,"column":7}},"46":{"start":{"line":110,"column":4},"end":{"line":145,"column":38}},"47":{"start":{"line":111,"column":6},"end":{"line":144,"column":7}},"48":{"start":{"line":112,"column":8},"end":{"line":143,"column":9}},"49":{"start":{"line":114,"column":12},"end":{"line":114,"column":31}},"50":{"start":{"line":115,"column":12},"end":{"line":115,"column":31}},"51":{"start":{"line":116,"column":12},"end":{"line":126,"column":15}},"52":{"start":{"line":129,"column":12},"end":{"line":129,"column":33}},"53":{"start":{"line":131,"column":12},"end":{"line":131,"column":40}},"54":{"start":{"line":132,"column":12},"end":{"line":132,"column":32}},"55":{"start":{"line":133,"column":12},"end":{"line":133,"column":18}},"56":{"start":{"line":136,"column":12},"end":{"line":136,"column":31}},"57":{"start":{"line":137,"column":12},"end":{"line":137,"column":49}},"58":{"start":{"line":138,"column":12},"end":{"line":138,"column":31}},"59":{"start":{"line":142,"column":12},"end":{"line":142,"column":36}},"60":{"start":{"line":149,"column":0},"end":{"line":232,"column":3}},"61":{"start":{"line":150,"column":2},"end":{"line":190,"column":7}},"62":{"start":{"line":152,"column":4},"end":{"line":189,"column":38}},"63":{"start":{"line":153,"column":6},"end":{"line":188,"column":7}},"64":{"start":{"line":154,"column":8},"end":{"line":187,"column":9}},"65":{"start":{"line":156,"column":12},"end":{"line":156,"column":31}},"66":{"start":{"line":157,"column":12},"end":{"line":157,"column":31}},"67":{"start":{"line":158,"column":12},"end":{"line":169,"column":15}},"68":{"start":{"line":172,"column":12},"end":{"line":172,"column":33}},"69":{"start":{"line":175,"column":12},"end":{"line":175,"column":40}},"70":{"start":{"line":176,"column":12},"end":{"line":176,"column":32}},"71":{"start":{"line":177,"column":12},"end":{"line":177,"column":18}},"72":{"start":{"line":180,"column":12},"end":{"line":180,"column":31}},"73":{"start":{"line":181,"column":12},"end":{"line":181,"column":49}},"74":{"start":{"line":182,"column":12},"end":{"line":182,"column":31}},"75":{"start":{"line":186,"column":12},"end":{"line":186,"column":36}},"76":{"start":{"line":192,"column":2},"end":{"line":231,"column":7}},"77":{"start":{"line":194,"column":4},"end":{"line":230,"column":38}},"78":{"start":{"line":195,"column":6},"end":{"line":229,"column":7}},"79":{"start":{"line":196,"column":8},"end":{"line":228,"column":9}},"80":{"start":{"line":198,"column":12},"end":{"line":198,"column":31}},"81":{"start":{"line":199,"column":12},"end":{"line":199,"column":31}},"82":{"start":{"line":200,"column":12},"end":{"line":211,"column":15}},"83":{"start":{"line":214,"column":12},"end":{"line":214,"column":33}},"84":{"start":{"line":216,"column":12},"end":{"line":216,"column":40}},"85":{"start":{"line":217,"column":12},"end":{"line":217,"column":32}},"86":{"start":{"line":218,"column":12},"end":{"line":218,"column":18}},"87":{"start":{"line":221,"column":12},"end":{"line":221,"column":31}},"88":{"start":{"line":222,"column":12},"end":{"line":222,"column":49}},"89":{"start":{"line":223,"column":12},"end":{"line":223,"column":31}},"90":{"start":{"line":227,"column":12},"end":{"line":227,"column":36}}},"fnMap":{"0":{"name":"_interopRequireDefault","decl":{"start":{"line":23,"column":9},"end":{"line":23,"column":31}},"loc":{"start":{"line":23,"column":37},"end":{"line":23,"column":95}},"line":23},"1":{"name":"(anonymous_1)","decl":{"start":{"line":28,"column":37},"end":{"line":28,"column":38}},"loc":{"start":{"line":28,"column":49},"end":{"line":58,"column":1}},"line":28},"2":{"name":"_callee","decl":{"start":{"line":29,"column":115},"end":{"line":29,"column":122}},"loc":{"start":{"line":29,"column":125},"end":{"line":57,"column":3}},"line":29},"3":{"name":"_callee$","decl":{"start":{"line":31,"column":47},"end":{"line":31,"column":55}},"loc":{"start":{"line":31,"column":66},"end":{"line":56,"column":5}},"line":31},"4":{"name":"(anonymous_4)","decl":{"start":{"line":60,"column":38},"end":{"line":60,"column":39}},"loc":{"start":{"line":60,"column":50},"end":{"line":147,"column":1}},"line":60},"5":{"name":"_callee2","decl":{"start":{"line":61,"column":115},"end":{"line":61,"column":123}},"loc":{"start":{"line":61,"column":126},"end":{"line":106,"column":3}},"line":61},"6":{"name":"_callee2$","decl":{"start":{"line":63,"column":47},"end":{"line":63,"column":56}},"loc":{"start":{"line":63,"column":68},"end":{"line":105,"column":5}},"line":63},"7":{"name":"_callee3","decl":{"start":{"line":108,"column":140},"end":{"line":108,"column":148}},"loc":{"start":{"line":108,"column":151},"end":{"line":146,"column":3}},"line":108},"8":{"name":"_callee3$","decl":{"start":{"line":110,"column":47},"end":{"line":110,"column":56}},"loc":{"start":{"line":110,"column":68},"end":{"line":145,"column":5}},"line":110},"9":{"name":"(anonymous_9)","decl":{"start":{"line":149,"column":46},"end":{"line":149,"column":47}},"loc":{"start":{"line":149,"column":58},"end":{"line":232,"column":1}},"line":149},"10":{"name":"_callee4","decl":{"start":{"line":150,"column":115},"end":{"line":150,"column":123}},"loc":{"start":{"line":150,"column":126},"end":{"line":190,"column":3}},"line":150},"11":{"name":"_callee4$","decl":{"start":{"line":152,"column":47},"end":{"line":152,"column":56}},"loc":{"start":{"line":152,"column":68},"end":{"line":189,"column":5}},"line":152},"12":{"name":"_callee5","decl":{"start":{"line":192,"column":145},"end":{"line":192,"column":153}},"loc":{"start":{"line":192,"column":156},"end":{"line":231,"column":3}},"line":192},"13":{"name":"_callee5$","decl":{"start":{"line":194,"column":47},"end":{"line":194,"column":56}},"loc":{"start":{"line":194,"column":68},"end":{"line":230,"column":5}},"line":194}},"branchMap":{"0":{"loc":{"start":{"line":23,"column":46},"end":{"line":23,"column":92}},"type":"cond-expr","locations":[{"start":{"line":23,"column":70},"end":{"line":23,"column":73}},{"start":{"line":23,"column":76},"end":{"line":23,"column":92}}],"line":23},"1":{"loc":{"start":{"line":23,"column":46},"end":{"line":23,"column":67}},"type":"binary-expr","locations":[{"start":{"line":23,"column":46},"end":{"line":23,"column":49}},{"start":{"line":23,"column":53},"end":{"line":23,"column":67}}],"line":23},"2":{"loc":{"start":{"line":33,"column":8},"end":{"line":54,"column":9}},"type":"switch","locations":[{"start":{"line":34,"column":10},"end":{"line":37,"column":79}},{"start":{"line":39,"column":10},"end":{"line":44,"column":18}},{"start":{"line":46,"column":10},"end":{"line":49,"column":30}},{"start":{"line":51,"column":10},"end":{"line":51,"column":18}},{"start":{"line":52,"column":10},"end":{"line":53,"column":35}}],"line":33},"3":{"loc":{"start":{"line":65,"column":8},"end":{"line":103,"column":9}},"type":"switch","locations":[{"start":{"line":66,"column":10},"end":{"line":86,"column":15}},{"start":{"line":88,"column":10},"end":{"line":93,"column":18}},{"start":{"line":95,"column":10},"end":{"line":98,"column":31}},{"start":{"line":100,"column":10},"end":{"line":100,"column":18}},{"start":{"line":101,"column":10},"end":{"line":102,"column":36}}],"line":65},"4":{"loc":{"start":{"line":112,"column":8},"end":{"line":143,"column":9}},"type":"switch","locations":[{"start":{"line":113,"column":10},"end":{"line":126,"column":15}},{"start":{"line":128,"column":10},"end":{"line":133,"column":18}},{"start":{"line":135,"column":10},"end":{"line":138,"column":31}},{"start":{"line":140,"column":10},"end":{"line":140,"column":18}},{"start":{"line":141,"column":10},"end":{"line":142,"column":36}}],"line":112},"5":{"loc":{"start":{"line":154,"column":8},"end":{"line":187,"column":9}},"type":"switch","locations":[{"start":{"line":155,"column":10},"end":{"line":169,"column":15}},{"start":{"line":171,"column":10},"end":{"line":177,"column":18}},{"start":{"line":179,"column":10},"end":{"line":182,"column":31}},{"start":{"line":184,"column":10},"end":{"line":184,"column":18}},{"start":{"line":185,"column":10},"end":{"line":186,"column":36}}],"line":154},"6":{"loc":{"start":{"line":196,"column":8},"end":{"line":228,"column":9}},"type":"switch","locations":[{"start":{"line":197,"column":10},"end":{"line":211,"column":15}},{"start":{"line":213,"column":10},"end":{"line":218,"column":18}},{"start":{"line":220,"column":10},"end":{"line":223,"column":31}},{"start":{"line":225,"column":10},"end":{"line":225,"column":18}},{"start":{"line":226,"column":10},"end":{"line":227,"column":36}}],"line":196}},"s":{"0":1,"1":1,"2":1,"3":1,"4":1,"5":1,"6":1,"7":1,"8":1,"9":1,"10":5,"11":1,"12":1,"13":1,"14":1,"15":1,"16":2,"17":3,"18":1,"19":1,"20":1,"21":1,"22":1,"23":1,"24":1,"25":0,"26":0,"27":0,"28":1,"29":1,"30":1,"31":1,"32":2,"33":3,"34":1,"35":1,"36":1,"37":1,"38":1,"39":1,"40":1,"41":0,"42":0,"43":0,"44":1,"45":1,"46":1,"47":2,"48":3,"49":1,"50":1,"51":1,"52":1,"53":1,"54":1,"55":1,"56":0,"57":0,"58":0,"59":1,"60":1,"61":1,"62":1,"63":2,"64":3,"65":1,"66":1,"67":1,"68":1,"69":1,"70":1,"71":1,"72":0,"73":0,"74":0,"75":1,"76":1,"77":1,"78":2,"79":3,"80":1,"81":1,"82":1,"83":1,"84":1,"85":1,"86":1,"87":0,"88":0,"89":0,"90":1},"f":{"0":5,"1":1,"2":1,"3":2,"4":1,"5":1,"6":2,"7":1,"8":2,"9":1,"10":1,"11":2,"12":1,"13":2},"b":{"0":[1,4],"1":[5,5],"2":[1,1,0,1,1],"3":[1,1,0,1,1],"4":[1,1,0,1,1],"5":[1,1,0,1,1],"6":[1,1,0,1,1]},"_coverageSchema":"332fd63041d2c1bcb487cc26dd0d5f7d97098a6c","hash":"7ac0c381facd87e21e85296a384043db0006a2ea","contentHash":"648f552d7de9bb5b96700f37682a1257_11.7.1"}}