<?xml version="1.0" encoding="UTF-8"?>
<coverage generated="1530389771507" clover="3.2.0">
  <project timestamp="1530389771508" name="All files">
    <metrics statements="50" coveredstatements="50" conditionals="11" coveredconditionals="11" methods="3" coveredmethods="3" elements="64" coveredelements="64" complexity="0" loc="50" ncloc="50" packages="3" files="4" classes="4">
      <package name="__test__">
        <metrics statements="2" coveredstatements="2" conditionals="0" coveredconditionals="0" methods="0" coveredmethods="0"/>
        <file name="mocks.js" path="/Users/ikechukwunjoku/Documents/Book-A-Meal/client/__test__/mocks.js">
          <metrics statements="2" coveredstatements="2" conditionals="0" coveredconditionals="0" methods="0" coveredmethods="0"/>
          <line num="2" count="1" type="stmt"/>
          <line num="50" count="1" type="stmt"/>
        </file>
      </package>
      <package name="actions">
        <metrics statements="36" coveredstatements="36" conditionals="0" coveredconditionals="0" methods="0" coveredmethods="0"/>
        <file name="actionTypes.js" path="/Users/ikechukwunjoku/Documents/Book-A-Meal/client/actions/actionTypes.js">
          <metrics statements="36" coveredstatements="36" conditionals="0" coveredconditionals="0" methods="0" coveredmethods="0"/>
          <line num="1" count="1" type="stmt"/>
          <line num="2" count="1" type="stmt"/>
          <line num="4" count="1" type="stmt"/>
          <line num="5" count="1" type="stmt"/>
          <line num="6" count="1" type="stmt"/>
          <line num="8" count="1" type="stmt"/>
          <line num="9" count="1" type="stmt"/>
          <line num="11" count="1" type="stmt"/>
          <line num="12" count="1" type="stmt"/>
          <line num="13" count="1" type="stmt"/>
          <line num="14" count="1" type="stmt"/>
          <line num="15" count="1" type="stmt"/>
          <line num="16" count="1" type="stmt"/>
          <line num="17" count="1" type="stmt"/>
          <line num="18" count="1" type="stmt"/>
          <line num="19" count="1" type="stmt"/>
          <line num="21" count="1" type="stmt"/>
          <line num="22" count="1" type="stmt"/>
          <line num="23" count="1" type="stmt"/>
          <line num="24" count="1" type="stmt"/>
          <line num="25" count="1" type="stmt"/>
          <line num="26" count="1" type="stmt"/>
          <line num="27" count="1" type="stmt"/>
          <line num="29" count="1" type="stmt"/>
          <line num="30" count="1" type="stmt"/>
          <line num="31" count="1" type="stmt"/>
          <line num="32" count="1" type="stmt"/>
          <line num="33" count="1" type="stmt"/>
          <line num="34" count="1" type="stmt"/>
          <line num="36" count="1" type="stmt"/>
          <line num="37" count="1" type="stmt"/>
          <line num="40" count="1" type="stmt"/>
          <line num="41" count="1" type="stmt"/>
          <line num="43" count="1" type="stmt"/>
          <line num="44" count="1" type="stmt"/>
          <line num="46" count="1" type="stmt"/>
        </file>
      </package>
      <package name="reducers">
        <metrics statements="12" coveredstatements="12" conditionals="11" coveredconditionals="11" methods="3" coveredmethods="3"/>
        <file name="initialState.js" path="/Users/ikechukwunjoku/Documents/Book-A-Meal/client/reducers/initialState.js">
          <metrics statements="0" coveredstatements="0" conditionals="0" coveredconditionals="0" methods="0" coveredmethods="0"/>
        </file>
        <file name="mealReducer.js" path="/Users/ikechukwunjoku/Documents/Book-A-Meal/client/reducers/mealReducer.js">
          <metrics statements="12" coveredstatements="12" conditionals="11" coveredconditionals="11" methods="3" coveredmethods="3"/>
          <line num="14" count="11" type="cond" truecount="10" falsecount="0"/>
          <line num="16" count="1" type="stmt"/>
          <line num="18" count="1" type="stmt"/>
          <line num="20" count="1" type="stmt"/>
          <line num="22" count="1" type="stmt"/>
          <line num="24" count="1" type="stmt"/>
          <line num="26" count="5" type="stmt"/>
          <line num="27" count="1" type="stmt"/>
          <line num="29" count="1" type="stmt"/>
          <line num="31" count="5" type="stmt"/>
          <line num="33" count="1" type="stmt"/>
          <line num="35" count="2" type="stmt"/>
        </file>
      </package>
    </metrics>
  </project>
</coverage>
