{"/Users/ikechukwunjoku/Documents/Book-A-Meal/client/__test__/mocks.js": {"path":"/Users/ikechukwunjoku/Documents/Book-A-Meal/client/__test__/mocks.js","statementMap":{"0":{"start":{"line":2,"column":21},"end":{"line":48,"column":1}},"1":{"start":{"line":50,"column":24},"end":{"line":58,"column":1}}},"fnMap":{},"branchMap":{},"s":{"0":1,"1":1},"f":{},"b":{},"_coverageSchema":"332fd63041d2c1bcb487cc26dd0d5f7d97098a6c","hash":"0b136bc81125e4a9d55742e98832884e123d8fed"}
,"/Users/ikechukwunjoku/Documents/Book-A-Meal/client/actions/actionTypes.js": {"path":"/Users/ikechukwunjoku/Documents/Book-A-Meal/client/actions/actionTypes.js","statementMap":{"0":{"start":{"line":1,"column":29},"end":{"line":1,"column":44}},"1":{"start":{"line":2,"column":29},"end":{"line":2,"column":44}},"2":{"start":{"line":4,"column":30},"end":{"line":4,"column":46}},"3":{"start":{"line":5,"column":30},"end":{"line":5,"column":46}},"4":{"start":{"line":6,"column":30},"end":{"line":6,"column":46}},"5":{"start":{"line":8,"column":28},"end":{"line":8,"column":42}},"6":{"start":{"line":9,"column":33},"end":{"line":9,"column":52}},"7":{"start":{"line":11,"column":33},"end":{"line":11,"column":52}},"8":{"start":{"line":12,"column":33},"end":{"line":12,"column":52}},"9":{"start":{"line":13,"column":32},"end":{"line":13,"column":50}},"10":{"start":{"line":14,"column":32},"end":{"line":14,"column":50}},"11":{"start":{"line":15,"column":35},"end":{"line":15,"column":56}},"12":{"start":{"line":16,"column":35},"end":{"line":16,"column":56}},"13":{"start":{"line":17,"column":35},"end":{"line":17,"column":56}},"14":{"start":{"line":18,"column":35},"end":{"line":18,"column":56}},"15":{"start":{"line":19,"column":40},"end":{"line":19,"column":66}},"16":{"start":{"line":21,"column":32},"end":{"line":21,"column":50}},"17":{"start":{"line":22,"column":32},"end":{"line":22,"column":50}},"18":{"start":{"line":23,"column":33},"end":{"line":23,"column":52}},"19":{"start":{"line":24,"column":40},"end":{"line":24,"column":66}},"20":{"start":{"line":25,"column":40},"end":{"line":25,"column":66}},"21":{"start":{"line":26,"column":32},"end":{"line":26,"column":50}},"22":{"start":{"line":27,"column":32},"end":{"line":27,"column":50}},"23":{"start":{"line":29,"column":34},"end":{"line":29,"column":54}},"24":{"start":{"line":30,"column":34},"end":{"line":30,"column":54}},"25":{"start":{"line":31,"column":36},"end":{"line":31,"column":58}},"26":{"start":{"line":32,"column":36},"end":{"line":32,"column":58}},"27":{"start":{"line":33,"column":36},"end":{"line":33,"column":58}},"28":{"start":{"line":34,"column":36},"end":{"line":34,"column":58}},"29":{"start":{"line":36,"column":37},"end":{"line":36,"column":60}},"30":{"start":{"line":37,"column":37},"end":{"line":37,"column":60}},"31":{"start":{"line":40,"column":42},"end":{"line":40,"column":70}},"32":{"start":{"line":41,"column":42},"end":{"line":41,"column":70}},"33":{"start":{"line":43,"column":47},"end":{"line":43,"column":80}},"34":{"start":{"line":44,"column":47},"end":{"line":44,"column":80}},"35":{"start":{"line":46,"column":40},"end":{"line":46,"column":66}}},"fnMap":{},"branchMap":{},"s":{"0":1,"1":1,"2":1,"3":1,"4":1,"5":1,"6":1,"7":1,"8":1,"9":1,"10":1,"11":1,"12":1,"13":1,"14":1,"15":1,"16":1,"17":1,"18":1,"19":1,"20":1,"21":1,"22":1,"23":1,"24":1,"25":1,"26":1,"27":1,"28":1,"29":1,"30":1,"31":1,"32":1,"33":1,"34":1,"35":1},"f":{},"b":{},"_coverageSchema":"332fd63041d2c1bcb487cc26dd0d5f7d97098a6c","hash":"f537bc87fac438abcf34cae5bd6f3153ae46b4aa"}
,"/Users/ikechukwunjoku/Documents/Book-A-Meal/client/reducers/initialState.js": {"path":"/Users/ikechukwunjoku/Documents/Book-A-Meal/client/reducers/initialState.js","statementMap":{},"fnMap":{},"branchMap":{},"s":{},"f":{},"b":{},"_coverageSchema":"332fd63041d2c1bcb487cc26dd0d5f7d97098a6c","hash":"dd0d7227dcf35978628e0af17b232ef5b8c23917"}
,"/Users/ikechukwunjoku/Documents/Book-A-Meal/client/reducers/mealReducer.js": {"path":"/Users/ikechukwunjoku/Documents/Book-A-Meal/client/reducers/mealReducer.js","statementMap":{"0":{"start":{"line":14,"column":2},"end":{"line":36,"column":3}},"1":{"start":{"line":16,"column":6},"end":{"line":16,"column":46}},"2":{"start":{"line":18,"column":6},"end":{"line":18,"column":47}},"3":{"start":{"line":20,"column":6},"end":{"line":20,"column":52}},"4":{"start":{"line":22,"column":6},"end":{"line":22,"column":64}},"5":{"start":{"line":24,"column":6},"end":{"line":24,"column":47}},"6":{"start":{"line":26,"column":6},"end":{"line":26,"column":64}},"7":{"start":{"line":26,"column":41},"end":{"line":26,"column":62}},"8":{"start":{"line":27,"column":6},"end":{"line":27,"column":65}},"9":{"start":{"line":29,"column":6},"end":{"line":29,"column":47}},"10":{"start":{"line":31,"column":6},"end":{"line":31,"column":84}},"11":{"start":{"line":31,"column":59},"end":{"line":31,"column":80}},"12":{"start":{"line":33,"column":6},"end":{"line":33,"column":47}},"13":{"start":{"line":35,"column":6},"end":{"line":35,"column":19}}},"fnMap":{"0":{"name":"(anonymous_0)","decl":{"start":{"line":12,"column":15},"end":{"line":12,"column":16}},"loc":{"start":{"line":12,"column":61},"end":{"line":37,"column":1}},"line":12},"1":{"name":"(anonymous_1)","decl":{"start":{"line":26,"column":33},"end":{"line":26,"column":34}},"loc":{"start":{"line":26,"column":41},"end":{"line":26,"column":62}},"line":26},"2":{"name":"(anonymous_2)","decl":{"start":{"line":31,"column":51},"end":{"line":31,"column":52}},"loc":{"start":{"line":31,"column":59},"end":{"line":31,"column":80}},"line":31}},"branchMap":{"0":{"loc":{"start":{"line":12,"column":16},"end":{"line":12,"column":48}},"type":"default-arg","locations":[{"start":{"line":12,"column":24},"end":{"line":12,"column":48}}],"line":12},"1":{"loc":{"start":{"line":14,"column":2},"end":{"line":36,"column":3}},"type":"switch","locations":[{"start":{"line":15,"column":4},"end":{"line":16,"column":46}},{"start":{"line":17,"column":4},"end":{"line":18,"column":47}},{"start":{"line":19,"column":4},"end":{"line":20,"column":52}},{"start":{"line":21,"column":4},"end":{"line":22,"column":64}},{"start":{"line":23,"column":4},"end":{"line":24,"column":47}},{"start":{"line":25,"column":4},"end":{"line":27,"column":65}},{"start":{"line":28,"column":4},"end":{"line":29,"column":47}},{"start":{"line":30,"column":4},"end":{"line":31,"column":84}},{"start":{"line":32,"column":4},"end":{"line":33,"column":47}},{"start":{"line":34,"column":4},"end":{"line":35,"column":19}}],"line":14}},"s":{"0":11,"1":1,"2":1,"3":1,"4":1,"5":1,"6":1,"7":5,"8":1,"9":1,"10":1,"11":5,"12":1,"13":2},"f":{"0":11,"1":5,"2":5},"b":{"0":[1],"1":[1,1,1,1,1,1,1,1,1,2]},"_coverageSchema":"332fd63041d2c1bcb487cc26dd0d5f7d97098a6c","hash":"83577bc6fdfb7ac57e5987939486a128bcbfbcc1"}
}
