{"/Users/ikechukwunjoku/Documents/Book-A-Meal/client/axiosConfig.js": {"path":"/Users/ikechukwunjoku/Documents/Book-A-Meal/client/axiosConfig.js","statementMap":{},"fnMap":{},"branchMap":{},"s":{},"f":{},"b":{},"_coverageSchema":"332fd63041d2c1bcb487cc26dd0d5f7d97098a6c","hash":"aeb9d96c29bd19f9c3258064fea1c7017b9d3c4b"}
,"/Users/ikechukwunjoku/Documents/Book-A-Meal/client/__test__/mocks/mealMocks.js": {"path":"/Users/ikechukwunjoku/Documents/Book-A-Meal/client/__test__/mocks/mealMocks.js","statementMap":{"0":{"start":{"line":1,"column":31},"end":{"line":8,"column":1}}},"fnMap":{},"branchMap":{},"s":{"0":1},"f":{},"b":{},"_coverageSchema":"332fd63041d2c1bcb487cc26dd0d5f7d97098a6c","hash":"7c292e5db74f17982769b8593e6fad15b2a93664"}
,"/Users/ikechukwunjoku/Documents/Book-A-Meal/client/actions/actionTypes.js": {"path":"/Users/ikechukwunjoku/Documents/Book-A-Meal/client/actions/actionTypes.js","statementMap":{"0":{"start":{"line":2,"column":33},"end":{"line":2,"column":52}},"1":{"start":{"line":3,"column":33},"end":{"line":3,"column":52}},"2":{"start":{"line":4,"column":32},"end":{"line":4,"column":50}},"3":{"start":{"line":5,"column":32},"end":{"line":5,"column":50}},"4":{"start":{"line":6,"column":35},"end":{"line":6,"column":56}},"5":{"start":{"line":7,"column":35},"end":{"line":7,"column":56}},"6":{"start":{"line":8,"column":35},"end":{"line":8,"column":56}},"7":{"start":{"line":9,"column":35},"end":{"line":9,"column":56}},"8":{"start":{"line":11,"column":32},"end":{"line":11,"column":50}},"9":{"start":{"line":12,"column":32},"end":{"line":12,"column":50}},"10":{"start":{"line":13,"column":33},"end":{"line":13,"column":52}},"11":{"start":{"line":14,"column":40},"end":{"line":14,"column":66}},"12":{"start":{"line":15,"column":40},"end":{"line":15,"column":66}},"13":{"start":{"line":16,"column":32},"end":{"line":16,"column":50}},"14":{"start":{"line":17,"column":32},"end":{"line":17,"column":50}},"15":{"start":{"line":19,"column":34},"end":{"line":19,"column":54}},"16":{"start":{"line":20,"column":34},"end":{"line":20,"column":54}},"17":{"start":{"line":21,"column":36},"end":{"line":21,"column":58}},"18":{"start":{"line":22,"column":36},"end":{"line":22,"column":58}},"19":{"start":{"line":23,"column":36},"end":{"line":23,"column":58}},"20":{"start":{"line":24,"column":36},"end":{"line":24,"column":58}},"21":{"start":{"line":27,"column":29},"end":{"line":27,"column":44}},"22":{"start":{"line":28,"column":30},"end":{"line":28,"column":46}},"23":{"start":{"line":29,"column":30},"end":{"line":29,"column":46}},"24":{"start":{"line":30,"column":28},"end":{"line":30,"column":42}},"25":{"start":{"line":31,"column":33},"end":{"line":31,"column":52}},"26":{"start":{"line":34,"column":42},"end":{"line":34,"column":70}},"27":{"start":{"line":35,"column":42},"end":{"line":35,"column":70}}},"fnMap":{},"branchMap":{},"s":{"0":1,"1":1,"2":1,"3":1,"4":1,"5":1,"6":1,"7":1,"8":1,"9":1,"10":1,"11":1,"12":1,"13":1,"14":1,"15":1,"16":1,"17":1,"18":1,"19":1,"20":1,"21":1,"22":1,"23":1,"24":1,"25":1,"26":1,"27":1},"f":{},"b":{},"_coverageSchema":"332fd63041d2c1bcb487cc26dd0d5f7d97098a6c","hash":"2cff28f68b33ed2006a3c3846d4fc5bd71858d35"}
,"/Users/ikechukwunjoku/Documents/Book-A-Meal/client/actions/mealActions.js": {"path":"/Users/ikechukwunjoku/Documents/Book-A-Meal/client/actions/mealActions.js","statementMap":{"0":{"start":{"line":13,"column":17},"end":{"line":16,"column":2}},"1":{"start":{"line":13,"column":27},"end":{"line":16,"column":1}},"2":{"start":{"line":18,"column":24},"end":{"line":21,"column":2}},"3":{"start":{"line":18,"column":34},"end":{"line":21,"column":1}},"4":{"start":{"line":24,"column":16},"end":{"line":27,"column":2}},"5":{"start":{"line":24,"column":25},"end":{"line":27,"column":1}},"6":{"start":{"line":29,"column":23},"end":{"line":32,"column":2}},"7":{"start":{"line":29,"column":33},"end":{"line":32,"column":1}},"8":{"start":{"line":35,"column":19},"end":{"line":39,"column":2}},"9":{"start":{"line":35,"column":45},"end":{"line":39,"column":1}},"10":{"start":{"line":41,"column":26},"end":{"line":44,"column":2}},"11":{"start":{"line":41,"column":36},"end":{"line":44,"column":1}},"12":{"start":{"line":47,"column":19},"end":{"line":50,"column":2}},"13":{"start":{"line":47,"column":32},"end":{"line":50,"column":1}},"14":{"start":{"line":52,"column":26},"end":{"line":55,"column":2}},"15":{"start":{"line":52,"column":36},"end":{"line":55,"column":1}},"16":{"start":{"line":60,"column":20},"end":{"line":68,"column":1}},"17":{"start":{"line":60,"column":26},"end":{"line":68,"column":1}},"18":{"start":{"line":61,"column":2},"end":{"line":67,"column":7}},"19":{"start":{"line":63,"column":6},"end":{"line":63,"column":41}},"20":{"start":{"line":66,"column":6},"end":{"line":66,"column":37}},"21":{"start":{"line":70,"column":17},"end":{"line":80,"column":1}},"22":{"start":{"line":70,"column":29},"end":{"line":80,"column":1}},"23":{"start":{"line":71,"column":2},"end":{"line":79,"column":7}},"24":{"start":{"line":73,"column":6},"end":{"line":75,"column":10}},"25":{"start":{"line":78,"column":6},"end":{"line":78,"column":36}},"26":{"start":{"line":83,"column":20},"end":{"line":94,"column":1}},"27":{"start":{"line":83,"column":37},"end":{"line":94,"column":1}},"28":{"start":{"line":84,"column":2},"end":{"line":93,"column":7}},"29":{"start":{"line":86,"column":6},"end":{"line":89,"column":10}},"30":{"start":{"line":92,"column":6},"end":{"line":92,"column":39}},"31":{"start":{"line":96,"column":20},"end":{"line":104,"column":1}},"32":{"start":{"line":96,"column":32},"end":{"line":104,"column":1}},"33":{"start":{"line":97,"column":2},"end":{"line":103,"column":7}},"34":{"start":{"line":99,"column":6},"end":{"line":99,"column":35}},"35":{"start":{"line":102,"column":6},"end":{"line":102,"column":41}}},"fnMap":{"0":{"name":"(anonymous_0)","decl":{"start":{"line":13,"column":17},"end":{"line":13,"column":18}},"loc":{"start":{"line":13,"column":27},"end":{"line":16,"column":1}},"line":13},"1":{"name":"(anonymous_1)","decl":{"start":{"line":18,"column":24},"end":{"line":18,"column":25}},"loc":{"start":{"line":18,"column":34},"end":{"line":21,"column":1}},"line":18},"2":{"name":"(anonymous_2)","decl":{"start":{"line":24,"column":16},"end":{"line":24,"column":17}},"loc":{"start":{"line":24,"column":25},"end":{"line":27,"column":1}},"line":24},"3":{"name":"(anonymous_3)","decl":{"start":{"line":29,"column":23},"end":{"line":29,"column":24}},"loc":{"start":{"line":29,"column":33},"end":{"line":32,"column":1}},"line":29},"4":{"name":"(anonymous_4)","decl":{"start":{"line":35,"column":19},"end":{"line":35,"column":20}},"loc":{"start":{"line":35,"column":45},"end":{"line":39,"column":1}},"line":35},"5":{"name":"(anonymous_5)","decl":{"start":{"line":41,"column":26},"end":{"line":41,"column":27}},"loc":{"start":{"line":41,"column":36},"end":{"line":44,"column":1}},"line":41},"6":{"name":"(anonymous_6)","decl":{"start":{"line":47,"column":19},"end":{"line":47,"column":20}},"loc":{"start":{"line":47,"column":32},"end":{"line":50,"column":1}},"line":47},"7":{"name":"(anonymous_7)","decl":{"start":{"line":52,"column":26},"end":{"line":52,"column":27}},"loc":{"start":{"line":52,"column":36},"end":{"line":55,"column":1}},"line":52},"8":{"name":"(anonymous_8)","decl":{"start":{"line":60,"column":20},"end":{"line":60,"column":21}},"loc":{"start":{"line":60,"column":26},"end":{"line":68,"column":1}},"line":60},"9":{"name":"(anonymous_9)","decl":{"start":{"line":60,"column":26},"end":{"line":60,"column":27}},"loc":{"start":{"line":60,"column":40},"end":{"line":68,"column":1}},"line":60},"10":{"name":"(anonymous_10)","decl":{"start":{"line":62,"column":10},"end":{"line":62,"column":11}},"loc":{"start":{"line":62,"column":19},"end":{"line":64,"column":5}},"line":62},"11":{"name":"(anonymous_11)","decl":{"start":{"line":65,"column":11},"end":{"line":65,"column":12}},"loc":{"start":{"line":65,"column":20},"end":{"line":67,"column":5}},"line":65},"12":{"name":"(anonymous_12)","decl":{"start":{"line":70,"column":17},"end":{"line":70,"column":18}},"loc":{"start":{"line":70,"column":29},"end":{"line":80,"column":1}},"line":70},"13":{"name":"(anonymous_13)","decl":{"start":{"line":70,"column":29},"end":{"line":70,"column":30}},"loc":{"start":{"line":70,"column":43},"end":{"line":80,"column":1}},"line":70},"14":{"name":"(anonymous_14)","decl":{"start":{"line":72,"column":10},"end":{"line":72,"column":11}},"loc":{"start":{"line":72,"column":19},"end":{"line":76,"column":5}},"line":72},"15":{"name":"(anonymous_15)","decl":{"start":{"line":77,"column":11},"end":{"line":77,"column":12}},"loc":{"start":{"line":77,"column":20},"end":{"line":79,"column":5}},"line":77},"16":{"name":"(anonymous_16)","decl":{"start":{"line":83,"column":20},"end":{"line":83,"column":21}},"loc":{"start":{"line":83,"column":37},"end":{"line":94,"column":1}},"line":83},"17":{"name":"(anonymous_17)","decl":{"start":{"line":83,"column":37},"end":{"line":83,"column":38}},"loc":{"start":{"line":83,"column":51},"end":{"line":94,"column":1}},"line":83},"18":{"name":"(anonymous_18)","decl":{"start":{"line":85,"column":10},"end":{"line":85,"column":11}},"loc":{"start":{"line":85,"column":19},"end":{"line":90,"column":5}},"line":85},"19":{"name":"(anonymous_19)","decl":{"start":{"line":91,"column":11},"end":{"line":91,"column":12}},"loc":{"start":{"line":91,"column":20},"end":{"line":93,"column":5}},"line":91},"20":{"name":"(anonymous_20)","decl":{"start":{"line":96,"column":20},"end":{"line":96,"column":21}},"loc":{"start":{"line":96,"column":32},"end":{"line":104,"column":1}},"line":96},"21":{"name":"(anonymous_21)","decl":{"start":{"line":96,"column":32},"end":{"line":96,"column":33}},"loc":{"start":{"line":96,"column":46},"end":{"line":104,"column":1}},"line":96},"22":{"name":"(anonymous_22)","decl":{"start":{"line":98,"column":10},"end":{"line":98,"column":11}},"loc":{"start":{"line":98,"column":19},"end":{"line":100,"column":5}},"line":98},"23":{"name":"(anonymous_23)","decl":{"start":{"line":101,"column":11},"end":{"line":101,"column":12}},"loc":{"start":{"line":101,"column":22},"end":{"line":103,"column":5}},"line":101}},"branchMap":{},"s":{"0":1,"1":0,"2":1,"3":0,"4":1,"5":0,"6":1,"7":0,"8":1,"9":0,"10":1,"11":0,"12":1,"13":0,"14":1,"15":0,"16":1,"17":1,"18":1,"19":0,"20":0,"21":1,"22":0,"23":0,"24":0,"25":0,"26":1,"27":0,"28":0,"29":0,"30":0,"31":1,"32":0,"33":0,"34":0,"35":0},"f":{"0":0,"1":0,"2":0,"3":0,"4":0,"5":0,"6":0,"7":0,"8":1,"9":1,"10":0,"11":0,"12":0,"13":0,"14":0,"15":0,"16":0,"17":0,"18":0,"19":0,"20":0,"21":0,"22":0,"23":0},"b":{},"_coverageSchema":"332fd63041d2c1bcb487cc26dd0d5f7d97098a6c","hash":"37c10fc960d5cd40e284a0c183db628c71f845c8"}
}
