TN:
SF:/Users/ikechukwunjoku/Documents/Book-A-Meal/client/__test__/mocks.js
FNF:0
FNH:0
DA:2,1
DA:50,1
LF:2
LH:2
BRF:0
BRH:0
end_of_record
TN:
SF:/Users/ikechukwunjoku/Documents/Book-A-Meal/client/actions/actionTypes.js
FNF:0
FNH:0
DA:1,1
DA:2,1
DA:4,1
DA:5,1
DA:6,1
DA:8,1
DA:9,1
DA:11,1
DA:12,1
DA:13,1
DA:14,1
DA:15,1
DA:16,1
DA:17,1
DA:18,1
DA:19,1
DA:21,1
DA:22,1
DA:23,1
DA:24,1
DA:25,1
DA:26,1
DA:27,1
DA:29,1
DA:30,1
DA:31,1
DA:32,1
DA:33,1
DA:34,1
DA:36,1
DA:37,1
DA:40,1
DA:41,1
DA:43,1
DA:44,1
DA:46,1
LF:36
LH:36
BRF:0
BRH:0
end_of_record
TN:
SF:/Users/ikechukwunjoku/Documents/Book-A-Meal/client/reducers/initialState.js
FNF:0
FNH:0
LF:0
LH:0
BRF:0
BRH:0
end_of_record
TN:
SF:/Users/ikechukwunjoku/Documents/Book-A-Meal/client/reducers/mealReducer.js
FN:12,(anonymous_0)
FN:26,(anonymous_1)
FN:31,(anonymous_2)
FNF:3
FNH:3
FNDA:11,(anonymous_0)
FNDA:5,(anonymous_1)
FNDA:5,(anonymous_2)
DA:14,11
DA:16,1
DA:18,1
DA:20,1
DA:22,1
DA:24,1
DA:26,5
DA:27,1
DA:29,1
DA:31,5
DA:33,1
DA:35,2
LF:12
LH:12
BRDA:12,0,0,1
BRDA:14,1,0,1
BRDA:14,1,1,1
BRDA:14,1,2,1
BRDA:14,1,3,1
BRDA:14,1,4,1
BRDA:14,1,5,1
BRDA:14,1,6,1
BRDA:14,1,7,1
BRDA:14,1,8,1
BRDA:14,1,9,2
BRF:11
BRH:11
end_of_record
