TN:
SF:/Users/ikechukwunjoku/Documents/Book-A-Meal/client/axiosConfig.js
FNF:0
FNH:0
LF:0
LH:0
BRF:0
BRH:0
end_of_record
TN:
SF:/Users/ikechukwunjoku/Documents/Book-A-Meal/client/__test__/mocks/mealMocks.js
FNF:0
FNH:0
DA:1,1
LF:1
LH:1
BRF:0
BRH:0
end_of_record
TN:
SF:/Users/ikechukwunjoku/Documents/Book-A-Meal/client/actions/actionTypes.js
FNF:0
FNH:0
DA:2,1
DA:3,1
DA:4,1
DA:5,1
DA:6,1
DA:7,1
DA:8,1
DA:9,1
DA:11,1
DA:12,1
DA:13,1
DA:14,1
DA:15,1
DA:16,1
DA:17,1
DA:19,1
DA:20,1
DA:21,1
DA:22,1
DA:23,1
DA:24,1
DA:27,1
DA:28,1
DA:29,1
DA:30,1
DA:31,1
DA:34,1
DA:35,1
LF:28
LH:28
BRF:0
BRH:0
end_of_record
TN:
SF:/Users/ikechukwunjoku/Documents/Book-A-Meal/client/actions/mealActions.js
FN:13,(anonymous_0)
FN:18,(anonymous_1)
FN:24,(anonymous_2)
FN:29,(anonymous_3)
FN:35,(anonymous_4)
FN:41,(anonymous_5)
FN:47,(anonymous_6)
FN:52,(anonymous_7)
FN:60,(anonymous_8)
FN:60,(anonymous_9)
FN:62,(anonymous_10)
FN:65,(anonymous_11)
FN:70,(anonymous_12)
FN:70,(anonymous_13)
FN:72,(anonymous_14)
FN:77,(anonymous_15)
FN:83,(anonymous_16)
FN:83,(anonymous_17)
FN:85,(anonymous_18)
FN:91,(anonymous_19)
FN:96,(anonymous_20)
FN:96,(anonymous_21)
FN:98,(anonymous_22)
FN:101,(anonymous_23)
FNF:24
FNH:2
FNDA:0,(anonymous_0)
FNDA:0,(anonymous_1)
FNDA:0,(anonymous_2)
FNDA:0,(anonymous_3)
FNDA:0,(anonymous_4)
FNDA:0,(anonymous_5)
FNDA:0,(anonymous_6)
FNDA:0,(anonymous_7)
FNDA:1,(anonymous_8)
FNDA:1,(anonymous_9)
FNDA:0,(anonymous_10)
FNDA:0,(anonymous_11)
FNDA:0,(anonymous_12)
FNDA:0,(anonymous_13)
FNDA:0,(anonymous_14)
FNDA:0,(anonymous_15)
FNDA:0,(anonymous_16)
FNDA:0,(anonymous_17)
FNDA:0,(anonymous_18)
FNDA:0,(anonymous_19)
FNDA:0,(anonymous_20)
FNDA:0,(anonymous_21)
FNDA:0,(anonymous_22)
FNDA:0,(anonymous_23)
DA:13,1
DA:18,1
DA:24,1
DA:29,1
DA:35,1
DA:41,1
DA:47,1
DA:52,1
DA:60,1
DA:61,1
DA:63,0
DA:66,0
DA:70,1
DA:71,0
DA:73,0
DA:78,0
DA:83,1
DA:84,0
DA:86,0
DA:92,0
DA:96,1
DA:97,0
DA:99,0
DA:102,0
LF:24
LH:13
BRF:0
BRH:0
end_of_record
